The system is: Linux - 4.4.0-64-generic - x86_64
Compiling the C compiler identification source file "CMakeCCompilerId.c" succeeded.
Compiler: /usr/bin/cc 
Build flags: 
Id flags: 

The output was:
0


Compilation of the C compiler identification source "CMakeCCompilerId.c" produced "a.out"

The C compiler identification is GNU, found in "/home/sudeep03799/New2/libraries/build-Debug/cmocka/CMakeFiles/3.5.1/CompilerIdC/a.out"

Determining if the C compiler works passed with the following output:
Change Dir: /home/sudeep03799/New2/libraries/build-Debug/cmocka/CMakeFiles/CMakeTmp

Run Build Command:"/usr/bin/make" "cmTC_32575/fast"
make[1]: Entering directory '/home/sudeep03799/New2/libraries/build-Debug/cmocka/CMakeFiles/CMakeTmp'
/usr/bin/make -f CMakeFiles/cmTC_32575.dir/build.make CMakeFiles/cmTC_32575.dir/build
make[2]: Entering directory '/home/sudeep03799/New2/libraries/build-Debug/cmocka/CMakeFiles/CMakeTmp'
Building C object CMakeFiles/cmTC_32575.dir/testCCompiler.c.o
/usr/bin/cc     -o CMakeFiles/cmTC_32575.dir/testCCompiler.c.o   -c /home/sudeep03799/New2/libraries/build-Debug/cmocka/CMakeFiles/CMakeTmp/testCCompiler.c
Linking C executable cmTC_32575
/usr/bin/cmake -E cmake_link_script CMakeFiles/cmTC_32575.dir/link.txt --verbose=1
/usr/bin/cc       CMakeFiles/cmTC_32575.dir/testCCompiler.c.o  -o cmTC_32575 -rdynamic 
make[2]: Leaving directory '/home/sudeep03799/New2/libraries/build-Debug/cmocka/CMakeFiles/CMakeTmp'
make[1]: Leaving directory '/home/sudeep03799/New2/libraries/build-Debug/cmocka/CMakeFiles/CMakeTmp'


Detecting C compiler ABI info compiled with the following output:
Change Dir: /home/sudeep03799/New2/libraries/build-Debug/cmocka/CMakeFiles/CMakeTmp

Run Build Command:"/usr/bin/make" "cmTC_8ef2d/fast"
make[1]: Entering directory '/home/sudeep03799/New2/libraries/build-Debug/cmocka/CMakeFiles/CMakeTmp'
/usr/bin/make -f CMakeFiles/cmTC_8ef2d.dir/build.make CMakeFiles/cmTC_8ef2d.dir/build
make[2]: Entering directory '/home/sudeep03799/New2/libraries/build-Debug/cmocka/CMakeFiles/CMakeTmp'
Building C object CMakeFiles/cmTC_8ef2d.dir/CMakeCCompilerABI.c.o
/usr/bin/cc     -o CMakeFiles/cmTC_8ef2d.dir/CMakeCCompilerABI.c.o   -c /usr/share/cmake-3.5/Modules/CMakeCCompilerABI.c
Linking C executable cmTC_8ef2d
/usr/bin/cmake -E cmake_link_script CMakeFiles/cmTC_8ef2d.dir/link.txt --verbose=1
/usr/bin/cc      -v CMakeFiles/cmTC_8ef2d.dir/CMakeCCompilerABI.c.o  -o cmTC_8ef2d -rdynamic  
Using built-in specs.
COLLECT_GCC=/usr/bin/cc
COLLECT_LTO_WRAPPER=/usr/lib/gcc/x86_64-linux-gnu/5/lto-wrapper
Target: x86_64-linux-gnu
Configured with: ../src/configure -v --with-pkgversion='Ubuntu 5.4.0-6ubuntu1~16.04.4' --with-bugurl=file:///usr/share/doc/gcc-5/README.Bugs --enable-languages=c,ada,c++,java,go,d,fortran,objc,obj-c++ --prefix=/usr --program-suffix=-5 --enable-shared --enable-linker-build-id --libexecdir=/usr/lib --without-included-gettext --enable-threads=posix --libdir=/usr/lib --enable-nls --with-sysroot=/ --enable-clocale=gnu --enable-libstdcxx-debug --enable-libstdcxx-time=yes --with-default-libstdcxx-abi=new --enable-gnu-unique-object --disable-vtable-verify --enable-libmpx --enable-plugin --with-system-zlib --disable-browser-plugin --enable-java-awt=gtk --enable-gtk-cairo --with-java-home=/usr/lib/jvm/java-1.5.0-gcj-5-amd64/jre --enable-java-home --with-jvm-root-dir=/usr/lib/jvm/java-1.5.0-gcj-5-amd64 --with-jvm-jar-dir=/usr/lib/jvm-exports/java-1.5.0-gcj-5-amd64 --with-arch-directory=amd64 --with-ecj-jar=/usr/share/java/eclipse-ecj.jar --enable-objc-gc --enable-multiarch --disable-werror --with-arch-32=i686 --with-abi=m64 --with-multilib-list=m32,m64,mx32 --enable-multilib --with-tune=generic --enable-checking=release --build=x86_64-linux-gnu --host=x86_64-linux-gnu --target=x86_64-linux-gnu
Thread model: posix
gcc version 5.4.0 20160609 (Ubuntu 5.4.0-6ubuntu1~16.04.4) 
COMPILER_PATH=/usr/lib/gcc/x86_64-linux-gnu/5/:/usr/lib/gcc/x86_64-linux-gnu/5/:/usr/lib/gcc/x86_64-linux-gnu/:/usr/lib/gcc/x86_64-linux-gnu/5/:/usr/lib/gcc/x86_64-linux-gnu/
LIBRARY_PATH=/usr/lib/gcc/x86_64-linux-gnu/5/:/usr/lib/gcc/x86_64-linux-gnu/5/../../../x86_64-linux-gnu/:/usr/lib/gcc/x86_64-linux-gnu/5/../../../../lib/:/lib/x86_64-linux-gnu/:/lib/../lib/:/usr/lib/x86_64-linux-gnu/:/usr/lib/../lib/:/usr/lib/gcc/x86_64-linux-gnu/5/../../../:/lib/:/usr/lib/
COLLECT_GCC_OPTIONS='-v' '-o' 'cmTC_8ef2d' '-rdynamic' '-mtune=generic' '-march=x86-64'
 /usr/lib/gcc/x86_64-linux-gnu/5/collect2 -plugin /usr/lib/gcc/x86_64-linux-gnu/5/liblto_plugin.so -plugin-opt=/usr/lib/gcc/x86_64-linux-gnu/5/lto-wrapper -plugin-opt=-fresolution=/tmp/ccL0EzF9.res -plugin-opt=-pass-through=-lgcc -plugin-opt=-pass-through=-lgcc_s -plugin-opt=-pass-through=-lc -plugin-opt=-pass-through=-lgcc -plugin-opt=-pass-through=-lgcc_s --sysroot=/ --build-id --eh-frame-hdr -m elf_x86_64 --hash-style=gnu --as-needed -export-dynamic -dynamic-linker /lib64/ld-linux-x86-64.so.2 -z relro -o cmTC_8ef2d /usr/lib/gcc/x86_64-linux-gnu/5/../../../x86_64-linux-gnu/crt1.o /usr/lib/gcc/x86_64-linux-gnu/5/../../../x86_64-linux-gnu/crti.o /usr/lib/gcc/x86_64-linux-gnu/5/crtbegin.o -L/usr/lib/gcc/x86_64-linux-gnu/5 -L/usr/lib/gcc/x86_64-linux-gnu/5/../../../x86_64-linux-gnu -L/usr/lib/gcc/x86_64-linux-gnu/5/../../../../lib -L/lib/x86_64-linux-gnu -L/lib/../lib -L/usr/lib/x86_64-linux-gnu -L/usr/lib/../lib -L/usr/lib/gcc/x86_64-linux-gnu/5/../../.. CMakeFiles/cmTC_8ef2d.dir/CMakeCCompilerABI.c.o -lgcc --as-needed -lgcc_s --no-as-needed -lc -lgcc --as-needed -lgcc_s --no-as-needed /usr/lib/gcc/x86_64-linux-gnu/5/crtend.o /usr/lib/gcc/x86_64-linux-gnu/5/../../../x86_64-linux-gnu/crtn.o
make[2]: Leaving directory '/home/sudeep03799/New2/libraries/build-Debug/cmocka/CMakeFiles/CMakeTmp'
make[1]: Leaving directory '/home/sudeep03799/New2/libraries/build-Debug/cmocka/CMakeFiles/CMakeTmp'


Parsed C implicit link information from above output:
  link line regex: [^( *|.*[/\])(ld|([^/\]+-)?ld|collect2)[^/\]*( |$)]
  ignore line: [Change Dir: /home/sudeep03799/New2/libraries/build-Debug/cmocka/CMakeFiles/CMakeTmp]
  ignore line: []
  ignore line: [Run Build Command:"/usr/bin/make" "cmTC_8ef2d/fast"]
  ignore line: [make[1]: Entering directory '/home/sudeep03799/New2/libraries/build-Debug/cmocka/CMakeFiles/CMakeTmp']
  ignore line: [/usr/bin/make -f CMakeFiles/cmTC_8ef2d.dir/build.make CMakeFiles/cmTC_8ef2d.dir/build]
  ignore line: [make[2]: Entering directory '/home/sudeep03799/New2/libraries/build-Debug/cmocka/CMakeFiles/CMakeTmp']
  ignore line: [Building C object CMakeFiles/cmTC_8ef2d.dir/CMakeCCompilerABI.c.o]
  ignore line: [/usr/bin/cc     -o CMakeFiles/cmTC_8ef2d.dir/CMakeCCompilerABI.c.o   -c /usr/share/cmake-3.5/Modules/CMakeCCompilerABI.c]
  ignore line: [Linking C executable cmTC_8ef2d]
  ignore line: [/usr/bin/cmake -E cmake_link_script CMakeFiles/cmTC_8ef2d.dir/link.txt --verbose=1]
  ignore line: [/usr/bin/cc      -v CMakeFiles/cmTC_8ef2d.dir/CMakeCCompilerABI.c.o  -o cmTC_8ef2d -rdynamic  ]
  ignore line: [Using built-in specs.]
  ignore line: [COLLECT_GCC=/usr/bin/cc]
  ignore line: [COLLECT_LTO_WRAPPER=/usr/lib/gcc/x86_64-linux-gnu/5/lto-wrapper]
  ignore line: [Target: x86_64-linux-gnu]
  ignore line: [Configured with: ../src/configure -v --with-pkgversion='Ubuntu 5.4.0-6ubuntu1~16.04.4' --with-bugurl=file:///usr/share/doc/gcc-5/README.Bugs --enable-languages=c,ada,c++,java,go,d,fortran,objc,obj-c++ --prefix=/usr --program-suffix=-5 --enable-shared --enable-linker-build-id --libexecdir=/usr/lib --without-included-gettext --enable-threads=posix --libdir=/usr/lib --enable-nls --with-sysroot=/ --enable-clocale=gnu --enable-libstdcxx-debug --enable-libstdcxx-time=yes --with-default-libstdcxx-abi=new --enable-gnu-unique-object --disable-vtable-verify --enable-libmpx --enable-plugin --with-system-zlib --disable-browser-plugin --enable-java-awt=gtk --enable-gtk-cairo --with-java-home=/usr/lib/jvm/java-1.5.0-gcj-5-amd64/jre --enable-java-home --with-jvm-root-dir=/usr/lib/jvm/java-1.5.0-gcj-5-amd64 --with-jvm-jar-dir=/usr/lib/jvm-exports/java-1.5.0-gcj-5-amd64 --with-arch-directory=amd64 --with-ecj-jar=/usr/share/java/eclipse-ecj.jar --enable-objc-gc --enable-multiarch --disable-werror --with-arch-32=i686 --with-abi=m64 --with-multilib-list=m32,m64,mx32 --enable-multilib --with-tune=generic --enable-checking=release --build=x86_64-linux-gnu --host=x86_64-linux-gnu --target=x86_64-linux-gnu]
  ignore line: [Thread model: posix]
  ignore line: [gcc version 5.4.0 20160609 (Ubuntu 5.4.0-6ubuntu1~16.04.4) ]
  ignore line: [COMPILER_PATH=/usr/lib/gcc/x86_64-linux-gnu/5/:/usr/lib/gcc/x86_64-linux-gnu/5/:/usr/lib/gcc/x86_64-linux-gnu/:/usr/lib/gcc/x86_64-linux-gnu/5/:/usr/lib/gcc/x86_64-linux-gnu/]
  ignore line: [LIBRARY_PATH=/usr/lib/gcc/x86_64-linux-gnu/5/:/usr/lib/gcc/x86_64-linux-gnu/5/../../../x86_64-linux-gnu/:/usr/lib/gcc/x86_64-linux-gnu/5/../../../../lib/:/lib/x86_64-linux-gnu/:/lib/../lib/:/usr/lib/x86_64-linux-gnu/:/usr/lib/../lib/:/usr/lib/gcc/x86_64-linux-gnu/5/../../../:/lib/:/usr/lib/]
  ignore line: [COLLECT_GCC_OPTIONS='-v' '-o' 'cmTC_8ef2d' '-rdynamic' '-mtune=generic' '-march=x86-64']
  link line: [ /usr/lib/gcc/x86_64-linux-gnu/5/collect2 -plugin /usr/lib/gcc/x86_64-linux-gnu/5/liblto_plugin.so -plugin-opt=/usr/lib/gcc/x86_64-linux-gnu/5/lto-wrapper -plugin-opt=-fresolution=/tmp/ccL0EzF9.res -plugin-opt=-pass-through=-lgcc -plugin-opt=-pass-through=-lgcc_s -plugin-opt=-pass-through=-lc -plugin-opt=-pass-through=-lgcc -plugin-opt=-pass-through=-lgcc_s --sysroot=/ --build-id --eh-frame-hdr -m elf_x86_64 --hash-style=gnu --as-needed -export-dynamic -dynamic-linker /lib64/ld-linux-x86-64.so.2 -z relro -o cmTC_8ef2d /usr/lib/gcc/x86_64-linux-gnu/5/../../../x86_64-linux-gnu/crt1.o /usr/lib/gcc/x86_64-linux-gnu/5/../../../x86_64-linux-gnu/crti.o /usr/lib/gcc/x86_64-linux-gnu/5/crtbegin.o -L/usr/lib/gcc/x86_64-linux-gnu/5 -L/usr/lib/gcc/x86_64-linux-gnu/5/../../../x86_64-linux-gnu -L/usr/lib/gcc/x86_64-linux-gnu/5/../../../../lib -L/lib/x86_64-linux-gnu -L/lib/../lib -L/usr/lib/x86_64-linux-gnu -L/usr/lib/../lib -L/usr/lib/gcc/x86_64-linux-gnu/5/../../.. CMakeFiles/cmTC_8ef2d.dir/CMakeCCompilerABI.c.o -lgcc --as-needed -lgcc_s --no-as-needed -lc -lgcc --as-needed -lgcc_s --no-as-needed /usr/lib/gcc/x86_64-linux-gnu/5/crtend.o /usr/lib/gcc/x86_64-linux-gnu/5/../../../x86_64-linux-gnu/crtn.o]
    arg [/usr/lib/gcc/x86_64-linux-gnu/5/collect2] ==> ignore
    arg [-plugin] ==> ignore
    arg [/usr/lib/gcc/x86_64-linux-gnu/5/liblto_plugin.so] ==> ignore
    arg [-plugin-opt=/usr/lib/gcc/x86_64-linux-gnu/5/lto-wrapper] ==> ignore
    arg [-plugin-opt=-fresolution=/tmp/ccL0EzF9.res] ==> ignore
    arg [-plugin-opt=-pass-through=-lgcc] ==> ignore
    arg [-plugin-opt=-pass-through=-lgcc_s] ==> ignore
    arg [-plugin-opt=-pass-through=-lc] ==> ignore
    arg [-plugin-opt=-pass-through=-lgcc] ==> ignore
    arg [-plugin-opt=-pass-through=-lgcc_s] ==> ignore
    arg [--sysroot=/] ==> ignore
    arg [--build-id] ==> ignore
    arg [--eh-frame-hdr] ==> ignore
    arg [-m] ==> ignore
    arg [elf_x86_64] ==> ignore
    arg [--hash-style=gnu] ==> ignore
    arg [--as-needed] ==> ignore
    arg [-export-dynamic] ==> ignore
    arg [-dynamic-linker] ==> ignore
    arg [/lib64/ld-linux-x86-64.so.2] ==> ignore
    arg [-zrelro] ==> ignore
    arg [-o] ==> ignore
    arg [cmTC_8ef2d] ==> ignore
    arg [/usr/lib/gcc/x86_64-linux-gnu/5/../../../x86_64-linux-gnu/crt1.o] ==> ignore
    arg [/usr/lib/gcc/x86_64-linux-gnu/5/../../../x86_64-linux-gnu/crti.o] ==> ignore
    arg [/usr/lib/gcc/x86_64-linux-gnu/5/crtbegin.o] ==> ignore
    arg [-L/usr/lib/gcc/x86_64-linux-gnu/5] ==> dir [/usr/lib/gcc/x86_64-linux-gnu/5]
    arg [-L/usr/lib/gcc/x86_64-linux-gnu/5/../../../x86_64-linux-gnu] ==> dir [/usr/lib/gcc/x86_64-linux-gnu/5/../../../x86_64-linux-gnu]
    arg [-L/usr/lib/gcc/x86_64-linux-gnu/5/../../../../lib] ==> dir [/usr/lib/gcc/x86_64-linux-gnu/5/../../../../lib]
    arg [-L/lib/x86_64-linux-gnu] ==> dir [/lib/x86_64-linux-gnu]
    arg [-L/lib/../lib] ==> dir [/lib/../lib]
    arg [-L/usr/lib/x86_64-linux-gnu] ==> dir [/usr/lib/x86_64-linux-gnu]
    arg [-L/usr/lib/../lib] ==> dir [/usr/lib/../lib]
    arg [-L/usr/lib/gcc/x86_64-linux-gnu/5/../../..] ==> dir [/usr/lib/gcc/x86_64-linux-gnu/5/../../..]
    arg [CMakeFiles/cmTC_8ef2d.dir/CMakeCCompilerABI.c.o] ==> ignore
    arg [-lgcc] ==> lib [gcc]
    arg [--as-needed] ==> ignore
    arg [-lgcc_s] ==> lib [gcc_s]
    arg [--no-as-needed] ==> ignore
    arg [-lc] ==> lib [c]
    arg [-lgcc] ==> lib [gcc]
    arg [--as-needed] ==> ignore
    arg [-lgcc_s] ==> lib [gcc_s]
    arg [--no-as-needed] ==> ignore
    arg [/usr/lib/gcc/x86_64-linux-gnu/5/crtend.o] ==> ignore
    arg [/usr/lib/gcc/x86_64-linux-gnu/5/../../../x86_64-linux-gnu/crtn.o] ==> ignore
  remove lib [gcc]
  remove lib [gcc_s]
  remove lib [gcc]
  remove lib [gcc_s]
  collapse library dir [/usr/lib/gcc/x86_64-linux-gnu/5] ==> [/usr/lib/gcc/x86_64-linux-gnu/5]
  collapse library dir [/usr/lib/gcc/x86_64-linux-gnu/5/../../../x86_64-linux-gnu] ==> [/usr/lib/x86_64-linux-gnu]
  collapse library dir [/usr/lib/gcc/x86_64-linux-gnu/5/../../../../lib] ==> [/usr/lib]
  collapse library dir [/lib/x86_64-linux-gnu] ==> [/lib/x86_64-linux-gnu]
  collapse library dir [/lib/../lib] ==> [/lib]
  collapse library dir [/usr/lib/x86_64-linux-gnu] ==> [/usr/lib/x86_64-linux-gnu]
  collapse library dir [/usr/lib/../lib] ==> [/usr/lib]
  collapse library dir [/usr/lib/gcc/x86_64-linux-gnu/5/../../..] ==> [/usr/lib]
  implicit libs: [c]
  implicit dirs: [/usr/lib/gcc/x86_64-linux-gnu/5;/usr/lib/x86_64-linux-gnu;/usr/lib;/lib/x86_64-linux-gnu;/lib]
  implicit fwks: []




Detecting C [-std=c11] compiler features compiled with the following output:
Change Dir: /home/sudeep03799/New2/libraries/build-Debug/cmocka/CMakeFiles/CMakeTmp

Run Build Command:"/usr/bin/make" "cmTC_5650f/fast"
make[1]: Entering directory '/home/sudeep03799/New2/libraries/build-Debug/cmocka/CMakeFiles/CMakeTmp'
/usr/bin/make -f CMakeFiles/cmTC_5650f.dir/build.make CMakeFiles/cmTC_5650f.dir/build
make[2]: Entering directory '/home/sudeep03799/New2/libraries/build-Debug/cmocka/CMakeFiles/CMakeTmp'
Building C object CMakeFiles/cmTC_5650f.dir/feature_tests.c.o
/usr/bin/cc    -std=c11 -o CMakeFiles/cmTC_5650f.dir/feature_tests.c.o   -c /home/sudeep03799/New2/libraries/build-Debug/cmocka/CMakeFiles/feature_tests.c
Linking C executable cmTC_5650f
/usr/bin/cmake -E cmake_link_script CMakeFiles/cmTC_5650f.dir/link.txt --verbose=1
/usr/bin/cc       CMakeFiles/cmTC_5650f.dir/feature_tests.c.o  -o cmTC_5650f -rdynamic 
make[2]: Leaving directory '/home/sudeep03799/New2/libraries/build-Debug/cmocka/CMakeFiles/CMakeTmp'
make[1]: Leaving directory '/home/sudeep03799/New2/libraries/build-Debug/cmocka/CMakeFiles/CMakeTmp'


    Feature record: C_FEATURE:1c_function_prototypes
    Feature record: C_FEATURE:1c_restrict
    Feature record: C_FEATURE:1c_static_assert
    Feature record: C_FEATURE:1c_variadic_macros


Detecting C [-std=c99] compiler features compiled with the following output:
Change Dir: /home/sudeep03799/New2/libraries/build-Debug/cmocka/CMakeFiles/CMakeTmp

Run Build Command:"/usr/bin/make" "cmTC_4274a/fast"
make[1]: Entering directory '/home/sudeep03799/New2/libraries/build-Debug/cmocka/CMakeFiles/CMakeTmp'
/usr/bin/make -f CMakeFiles/cmTC_4274a.dir/build.make CMakeFiles/cmTC_4274a.dir/build
make[2]: Entering directory '/home/sudeep03799/New2/libraries/build-Debug/cmocka/CMakeFiles/CMakeTmp'
Building C object CMakeFiles/cmTC_4274a.dir/feature_tests.c.o
/usr/bin/cc    -std=c99 -o CMakeFiles/cmTC_4274a.dir/feature_tests.c.o   -c /home/sudeep03799/New2/libraries/build-Debug/cmocka/CMakeFiles/feature_tests.c
Linking C executable cmTC_4274a
/usr/bin/cmake -E cmake_link_script CMakeFiles/cmTC_4274a.dir/link.txt --verbose=1
/usr/bin/cc       CMakeFiles/cmTC_4274a.dir/feature_tests.c.o  -o cmTC_4274a -rdynamic 
make[2]: Leaving directory '/home/sudeep03799/New2/libraries/build-Debug/cmocka/CMakeFiles/CMakeTmp'
make[1]: Leaving directory '/home/sudeep03799/New2/libraries/build-Debug/cmocka/CMakeFiles/CMakeTmp'


    Feature record: C_FEATURE:1c_function_prototypes
    Feature record: C_FEATURE:1c_restrict
    Feature record: C_FEATURE:0c_static_assert
    Feature record: C_FEATURE:1c_variadic_macros


Detecting C [-std=c90] compiler features compiled with the following output:
Change Dir: /home/sudeep03799/New2/libraries/build-Debug/cmocka/CMakeFiles/CMakeTmp

Run Build Command:"/usr/bin/make" "cmTC_284d5/fast"
make[1]: Entering directory '/home/sudeep03799/New2/libraries/build-Debug/cmocka/CMakeFiles/CMakeTmp'
/usr/bin/make -f CMakeFiles/cmTC_284d5.dir/build.make CMakeFiles/cmTC_284d5.dir/build
make[2]: Entering directory '/home/sudeep03799/New2/libraries/build-Debug/cmocka/CMakeFiles/CMakeTmp'
Building C object CMakeFiles/cmTC_284d5.dir/feature_tests.c.o
/usr/bin/cc    -std=c90 -o CMakeFiles/cmTC_284d5.dir/feature_tests.c.o   -c /home/sudeep03799/New2/libraries/build-Debug/cmocka/CMakeFiles/feature_tests.c
Linking C executable cmTC_284d5
/usr/bin/cmake -E cmake_link_script CMakeFiles/cmTC_284d5.dir/link.txt --verbose=1
/usr/bin/cc       CMakeFiles/cmTC_284d5.dir/feature_tests.c.o  -o cmTC_284d5 -rdynamic 
make[2]: Leaving directory '/home/sudeep03799/New2/libraries/build-Debug/cmocka/CMakeFiles/CMakeTmp'
make[1]: Leaving directory '/home/sudeep03799/New2/libraries/build-Debug/cmocka/CMakeFiles/CMakeTmp'


    Feature record: C_FEATURE:1c_function_prototypes
    Feature record: C_FEATURE:0c_restrict
    Feature record: C_FEATURE:0c_static_assert
    Feature record: C_FEATURE:0c_variadic_macros
Performing C SOURCE FILE Test WITH_FPIC succeeded with the following output:
Change Dir: /home/sudeep03799/New2/libraries/build-Debug/cmocka/CMakeFiles/CMakeTmp

Run Build Command:"/usr/bin/make" "cmTC_d4a43/fast"
make[1]: Entering directory '/home/sudeep03799/New2/libraries/build-Debug/cmocka/CMakeFiles/CMakeTmp'
/usr/bin/make -f CMakeFiles/cmTC_d4a43.dir/build.make CMakeFiles/cmTC_d4a43.dir/build
make[2]: Entering directory '/home/sudeep03799/New2/libraries/build-Debug/cmocka/CMakeFiles/CMakeTmp'
Building C object CMakeFiles/cmTC_d4a43.dir/src.c.o
/usr/bin/cc    -std=gnu99 -pedantic -pedantic-errors -Wall -Wextra -Wshadow -Wmissing-prototypes -Wdeclaration-after-statement -Wunused -Wfloat-equal -Wpointer-arith -Wwrite-strings -Wformat-security -Wmissing-format-attribute -Wundef -Wstrict-prototypes -DWITH_FPIC   -fPIC -o CMakeFiles/cmTC_d4a43.dir/src.c.o   -c /home/sudeep03799/New2/libraries/build-Debug/cmocka/CMakeFiles/CMakeTmp/src.c
Linking C executable cmTC_d4a43
/usr/bin/cmake -E cmake_link_script CMakeFiles/cmTC_d4a43.dir/link.txt --verbose=1
/usr/bin/cc   -std=gnu99 -pedantic -pedantic-errors -Wall -Wextra -Wshadow -Wmissing-prototypes -Wdeclaration-after-statement -Wunused -Wfloat-equal -Wpointer-arith -Wwrite-strings -Wformat-security -Wmissing-format-attribute -Wundef -Wstrict-prototypes -DWITH_FPIC    CMakeFiles/cmTC_d4a43.dir/src.c.o  -o cmTC_d4a43 -rdynamic 
make[2]: Leaving directory '/home/sudeep03799/New2/libraries/build-Debug/cmocka/CMakeFiles/CMakeTmp'
make[1]: Leaving directory '/home/sudeep03799/New2/libraries/build-Debug/cmocka/CMakeFiles/CMakeTmp'

Source file was:
int main(void) { return 0; }
Performing C SOURCE FILE Test WITH_STACK_PROTECTOR succeeded with the following output:
Change Dir: /home/sudeep03799/New2/libraries/build-Debug/cmocka/CMakeFiles/CMakeTmp

Run Build Command:"/usr/bin/make" "cmTC_14610/fast"
make[1]: Entering directory '/home/sudeep03799/New2/libraries/build-Debug/cmocka/CMakeFiles/CMakeTmp'
/usr/bin/make -f CMakeFiles/cmTC_14610.dir/build.make CMakeFiles/cmTC_14610.dir/build
make[2]: Entering directory '/home/sudeep03799/New2/libraries/build-Debug/cmocka/CMakeFiles/CMakeTmp'
Building C object CMakeFiles/cmTC_14610.dir/src.c.o
/usr/bin/cc    -std=gnu99 -pedantic -pedantic-errors -Wall -Wextra -Wshadow -Wmissing-prototypes -Wdeclaration-after-statement -Wunused -Wfloat-equal -Wpointer-arith -Wwrite-strings -Wformat-security -Wmissing-format-attribute -Wundef -Wstrict-prototypes -fPIC -DWITH_STACK_PROTECTOR   -fstack-protector -o CMakeFiles/cmTC_14610.dir/src.c.o   -c /home/sudeep03799/New2/libraries/build-Debug/cmocka/CMakeFiles/CMakeTmp/src.c
/home/sudeep03799/New2/libraries/build-Debug/cmocka/CMakeFiles/CMakeTmp/src.c: In function ‘main’:
/home/sudeep03799/New2/libraries/build-Debug/cmocka/CMakeFiles/CMakeTmp/src.c:1:27: warning: unused parameter ‘argv’ [-Wunused-parameter]
 int main(int argc, char **argv) { char buffer[256]; return buffer[argc]=0;}
                           ^
Linking C executable cmTC_14610
/usr/bin/cmake -E cmake_link_script CMakeFiles/cmTC_14610.dir/link.txt --verbose=1
/usr/bin/cc   -std=gnu99 -pedantic -pedantic-errors -Wall -Wextra -Wshadow -Wmissing-prototypes -Wdeclaration-after-statement -Wunused -Wfloat-equal -Wpointer-arith -Wwrite-strings -Wformat-security -Wmissing-format-attribute -Wundef -Wstrict-prototypes -fPIC -DWITH_STACK_PROTECTOR    CMakeFiles/cmTC_14610.dir/src.c.o  -o cmTC_14610 -rdynamic 
make[2]: Leaving directory '/home/sudeep03799/New2/libraries/build-Debug/cmocka/CMakeFiles/CMakeTmp'
make[1]: Leaving directory '/home/sudeep03799/New2/libraries/build-Debug/cmocka/CMakeFiles/CMakeTmp'

Source file was:
int main(int argc, char **argv) { char buffer[256]; return buffer[argc]=0;}
Performing C SOURCE FILE Test WITH_VISIBILITY_HIDDEN succeeded with the following output:
Change Dir: /home/sudeep03799/New2/libraries/build-Debug/cmocka/CMakeFiles/CMakeTmp

Run Build Command:"/usr/bin/make" "cmTC_38a9c/fast"
make[1]: Entering directory '/home/sudeep03799/New2/libraries/build-Debug/cmocka/CMakeFiles/CMakeTmp'
/usr/bin/make -f CMakeFiles/cmTC_38a9c.dir/build.make CMakeFiles/cmTC_38a9c.dir/build
make[2]: Entering directory '/home/sudeep03799/New2/libraries/build-Debug/cmocka/CMakeFiles/CMakeTmp'
Building C object CMakeFiles/cmTC_38a9c.dir/src.c.o
/usr/bin/cc    -std=gnu99 -pedantic -pedantic-errors -Wall -Wextra -Wshadow -Wmissing-prototypes -Wdeclaration-after-statement -Wunused -Wfloat-equal -Wpointer-arith -Wwrite-strings -Wformat-security -Wmissing-format-attribute -Wundef -Wstrict-prototypes -fPIC -fstack-protector -D_GNU_SOURCE -D_LARGEFILE64_SOURCE -DWITH_VISIBILITY_HIDDEN   -fvisibility=hidden -o CMakeFiles/cmTC_38a9c.dir/src.c.o   -c /home/sudeep03799/New2/libraries/build-Debug/cmocka/CMakeFiles/CMakeTmp/src.c
Linking C executable cmTC_38a9c
/usr/bin/cmake -E cmake_link_script CMakeFiles/cmTC_38a9c.dir/link.txt --verbose=1
/usr/bin/cc   -std=gnu99 -pedantic -pedantic-errors -Wall -Wextra -Wshadow -Wmissing-prototypes -Wdeclaration-after-statement -Wunused -Wfloat-equal -Wpointer-arith -Wwrite-strings -Wformat-security -Wmissing-format-attribute -Wundef -Wstrict-prototypes -fPIC -fstack-protector -D_GNU_SOURCE -D_LARGEFILE64_SOURCE -DWITH_VISIBILITY_HIDDEN    CMakeFiles/cmTC_38a9c.dir/src.c.o  -o cmTC_38a9c -rdynamic 
make[2]: Leaving directory '/home/sudeep03799/New2/libraries/build-Debug/cmocka/CMakeFiles/CMakeTmp'
make[1]: Leaving directory '/home/sudeep03799/New2/libraries/build-Debug/cmocka/CMakeFiles/CMakeTmp'

Source file was:
int main(void) { return 0; }
Determining if the include file assert.h exists passed with the following output:
Change Dir: /home/sudeep03799/New2/libraries/build-Debug/cmocka/CMakeFiles/CMakeTmp

Run Build Command:"/usr/bin/make" "cmTC_56222/fast"
make[1]: Entering directory '/home/sudeep03799/New2/libraries/build-Debug/cmocka/CMakeFiles/CMakeTmp'
/usr/bin/make -f CMakeFiles/cmTC_56222.dir/build.make CMakeFiles/cmTC_56222.dir/build
make[2]: Entering directory '/home/sudeep03799/New2/libraries/build-Debug/cmocka/CMakeFiles/CMakeTmp'
Building C object CMakeFiles/cmTC_56222.dir/CheckIncludeFile.c.o
/usr/bin/cc    -std=gnu99 -pedantic -pedantic-errors -Wall -Wextra -Wshadow -Wmissing-prototypes -Wdeclaration-after-statement -Wunused -Wfloat-equal -Wpointer-arith -Wwrite-strings -Wformat-security -Wmissing-format-attribute -Wundef -Wstrict-prototypes -fPIC -fstack-protector -D_GNU_SOURCE -D_LARGEFILE64_SOURCE    -o CMakeFiles/cmTC_56222.dir/CheckIncludeFile.c.o   -c /home/sudeep03799/New2/libraries/build-Debug/cmocka/CMakeFiles/CMakeTmp/CheckIncludeFile.c
Linking C executable cmTC_56222
/usr/bin/cmake -E cmake_link_script CMakeFiles/cmTC_56222.dir/link.txt --verbose=1
/usr/bin/cc   -std=gnu99 -pedantic -pedantic-errors -Wall -Wextra -Wshadow -Wmissing-prototypes -Wdeclaration-after-statement -Wunused -Wfloat-equal -Wpointer-arith -Wwrite-strings -Wformat-security -Wmissing-format-attribute -Wundef -Wstrict-prototypes -fPIC -fstack-protector -D_GNU_SOURCE -D_LARGEFILE64_SOURCE     CMakeFiles/cmTC_56222.dir/CheckIncludeFile.c.o  -o cmTC_56222 -rdynamic 
make[2]: Leaving directory '/home/sudeep03799/New2/libraries/build-Debug/cmocka/CMakeFiles/CMakeTmp'
make[1]: Leaving directory '/home/sudeep03799/New2/libraries/build-Debug/cmocka/CMakeFiles/CMakeTmp'


Determining if the include file inttypes.h exists passed with the following output:
Change Dir: /home/sudeep03799/New2/libraries/build-Debug/cmocka/CMakeFiles/CMakeTmp

Run Build Command:"/usr/bin/make" "cmTC_3fcb3/fast"
make[1]: Entering directory '/home/sudeep03799/New2/libraries/build-Debug/cmocka/CMakeFiles/CMakeTmp'
/usr/bin/make -f CMakeFiles/cmTC_3fcb3.dir/build.make CMakeFiles/cmTC_3fcb3.dir/build
make[2]: Entering directory '/home/sudeep03799/New2/libraries/build-Debug/cmocka/CMakeFiles/CMakeTmp'
Building C object CMakeFiles/cmTC_3fcb3.dir/CheckIncludeFile.c.o
/usr/bin/cc    -std=gnu99 -pedantic -pedantic-errors -Wall -Wextra -Wshadow -Wmissing-prototypes -Wdeclaration-after-statement -Wunused -Wfloat-equal -Wpointer-arith -Wwrite-strings -Wformat-security -Wmissing-format-attribute -Wundef -Wstrict-prototypes -fPIC -fstack-protector -D_GNU_SOURCE -D_LARGEFILE64_SOURCE    -o CMakeFiles/cmTC_3fcb3.dir/CheckIncludeFile.c.o   -c /home/sudeep03799/New2/libraries/build-Debug/cmocka/CMakeFiles/CMakeTmp/CheckIncludeFile.c
Linking C executable cmTC_3fcb3
/usr/bin/cmake -E cmake_link_script CMakeFiles/cmTC_3fcb3.dir/link.txt --verbose=1
/usr/bin/cc   -std=gnu99 -pedantic -pedantic-errors -Wall -Wextra -Wshadow -Wmissing-prototypes -Wdeclaration-after-statement -Wunused -Wfloat-equal -Wpointer-arith -Wwrite-strings -Wformat-security -Wmissing-format-attribute -Wundef -Wstrict-prototypes -fPIC -fstack-protector -D_GNU_SOURCE -D_LARGEFILE64_SOURCE     CMakeFiles/cmTC_3fcb3.dir/CheckIncludeFile.c.o  -o cmTC_3fcb3 -rdynamic 
make[2]: Leaving directory '/home/sudeep03799/New2/libraries/build-Debug/cmocka/CMakeFiles/CMakeTmp'
make[1]: Leaving directory '/home/sudeep03799/New2/libraries/build-Debug/cmocka/CMakeFiles/CMakeTmp'


Determining if the include file malloc.h exists passed with the following output:
Change Dir: /home/sudeep03799/New2/libraries/build-Debug/cmocka/CMakeFiles/CMakeTmp

Run Build Command:"/usr/bin/make" "cmTC_85b9d/fast"
make[1]: Entering directory '/home/sudeep03799/New2/libraries/build-Debug/cmocka/CMakeFiles/CMakeTmp'
/usr/bin/make -f CMakeFiles/cmTC_85b9d.dir/build.make CMakeFiles/cmTC_85b9d.dir/build
make[2]: Entering directory '/home/sudeep03799/New2/libraries/build-Debug/cmocka/CMakeFiles/CMakeTmp'
Building C object CMakeFiles/cmTC_85b9d.dir/CheckIncludeFile.c.o
/usr/bin/cc    -std=gnu99 -pedantic -pedantic-errors -Wall -Wextra -Wshadow -Wmissing-prototypes -Wdeclaration-after-statement -Wunused -Wfloat-equal -Wpointer-arith -Wwrite-strings -Wformat-security -Wmissing-format-attribute -Wundef -Wstrict-prototypes -fPIC -fstack-protector -D_GNU_SOURCE -D_LARGEFILE64_SOURCE    -o CMakeFiles/cmTC_85b9d.dir/CheckIncludeFile.c.o   -c /home/sudeep03799/New2/libraries/build-Debug/cmocka/CMakeFiles/CMakeTmp/CheckIncludeFile.c
Linking C executable cmTC_85b9d
/usr/bin/cmake -E cmake_link_script CMakeFiles/cmTC_85b9d.dir/link.txt --verbose=1
/usr/bin/cc   -std=gnu99 -pedantic -pedantic-errors -Wall -Wextra -Wshadow -Wmissing-prototypes -Wdeclaration-after-statement -Wunused -Wfloat-equal -Wpointer-arith -Wwrite-strings -Wformat-security -Wmissing-format-attribute -Wundef -Wstrict-prototypes -fPIC -fstack-protector -D_GNU_SOURCE -D_LARGEFILE64_SOURCE     CMakeFiles/cmTC_85b9d.dir/CheckIncludeFile.c.o  -o cmTC_85b9d -rdynamic 
make[2]: Leaving directory '/home/sudeep03799/New2/libraries/build-Debug/cmocka/CMakeFiles/CMakeTmp'
make[1]: Leaving directory '/home/sudeep03799/New2/libraries/build-Debug/cmocka/CMakeFiles/CMakeTmp'


Determining if the include file memory.h exists passed with the following output:
Change Dir: /home/sudeep03799/New2/libraries/build-Debug/cmocka/CMakeFiles/CMakeTmp

Run Build Command:"/usr/bin/make" "cmTC_f8f98/fast"
make[1]: Entering directory '/home/sudeep03799/New2/libraries/build-Debug/cmocka/CMakeFiles/CMakeTmp'
/usr/bin/make -f CMakeFiles/cmTC_f8f98.dir/build.make CMakeFiles/cmTC_f8f98.dir/build
make[2]: Entering directory '/home/sudeep03799/New2/libraries/build-Debug/cmocka/CMakeFiles/CMakeTmp'
Building C object CMakeFiles/cmTC_f8f98.dir/CheckIncludeFile.c.o
/usr/bin/cc    -std=gnu99 -pedantic -pedantic-errors -Wall -Wextra -Wshadow -Wmissing-prototypes -Wdeclaration-after-statement -Wunused -Wfloat-equal -Wpointer-arith -Wwrite-strings -Wformat-security -Wmissing-format-attribute -Wundef -Wstrict-prototypes -fPIC -fstack-protector -D_GNU_SOURCE -D_LARGEFILE64_SOURCE    -o CMakeFiles/cmTC_f8f98.dir/CheckIncludeFile.c.o   -c /home/sudeep03799/New2/libraries/build-Debug/cmocka/CMakeFiles/CMakeTmp/CheckIncludeFile.c
Linking C executable cmTC_f8f98
/usr/bin/cmake -E cmake_link_script CMakeFiles/cmTC_f8f98.dir/link.txt --verbose=1
/usr/bin/cc   -std=gnu99 -pedantic -pedantic-errors -Wall -Wextra -Wshadow -Wmissing-prototypes -Wdeclaration-after-statement -Wunused -Wfloat-equal -Wpointer-arith -Wwrite-strings -Wformat-security -Wmissing-format-attribute -Wundef -Wstrict-prototypes -fPIC -fstack-protector -D_GNU_SOURCE -D_LARGEFILE64_SOURCE     CMakeFiles/cmTC_f8f98.dir/CheckIncludeFile.c.o  -o cmTC_f8f98 -rdynamic 
make[2]: Leaving directory '/home/sudeep03799/New2/libraries/build-Debug/cmocka/CMakeFiles/CMakeTmp'
make[1]: Leaving directory '/home/sudeep03799/New2/libraries/build-Debug/cmocka/CMakeFiles/CMakeTmp'


Determining if the include file setjmp.h exists passed with the following output:
Change Dir: /home/sudeep03799/New2/libraries/build-Debug/cmocka/CMakeFiles/CMakeTmp

Run Build Command:"/usr/bin/make" "cmTC_2a77b/fast"
make[1]: Entering directory '/home/sudeep03799/New2/libraries/build-Debug/cmocka/CMakeFiles/CMakeTmp'
/usr/bin/make -f CMakeFiles/cmTC_2a77b.dir/build.make CMakeFiles/cmTC_2a77b.dir/build
make[2]: Entering directory '/home/sudeep03799/New2/libraries/build-Debug/cmocka/CMakeFiles/CMakeTmp'
Building C object CMakeFiles/cmTC_2a77b.dir/CheckIncludeFile.c.o
/usr/bin/cc    -std=gnu99 -pedantic -pedantic-errors -Wall -Wextra -Wshadow -Wmissing-prototypes -Wdeclaration-after-statement -Wunused -Wfloat-equal -Wpointer-arith -Wwrite-strings -Wformat-security -Wmissing-format-attribute -Wundef -Wstrict-prototypes -fPIC -fstack-protector -D_GNU_SOURCE -D_LARGEFILE64_SOURCE    -o CMakeFiles/cmTC_2a77b.dir/CheckIncludeFile.c.o   -c /home/sudeep03799/New2/libraries/build-Debug/cmocka/CMakeFiles/CMakeTmp/CheckIncludeFile.c
Linking C executable cmTC_2a77b
/usr/bin/cmake -E cmake_link_script CMakeFiles/cmTC_2a77b.dir/link.txt --verbose=1
/usr/bin/cc   -std=gnu99 -pedantic -pedantic-errors -Wall -Wextra -Wshadow -Wmissing-prototypes -Wdeclaration-after-statement -Wunused -Wfloat-equal -Wpointer-arith -Wwrite-strings -Wformat-security -Wmissing-format-attribute -Wundef -Wstrict-prototypes -fPIC -fstack-protector -D_GNU_SOURCE -D_LARGEFILE64_SOURCE     CMakeFiles/cmTC_2a77b.dir/CheckIncludeFile.c.o  -o cmTC_2a77b -rdynamic 
make[2]: Leaving directory '/home/sudeep03799/New2/libraries/build-Debug/cmocka/CMakeFiles/CMakeTmp'
make[1]: Leaving directory '/home/sudeep03799/New2/libraries/build-Debug/cmocka/CMakeFiles/CMakeTmp'


Determining if the include file signal.h exists passed with the following output:
Change Dir: /home/sudeep03799/New2/libraries/build-Debug/cmocka/CMakeFiles/CMakeTmp

Run Build Command:"/usr/bin/make" "cmTC_9c837/fast"
make[1]: Entering directory '/home/sudeep03799/New2/libraries/build-Debug/cmocka/CMakeFiles/CMakeTmp'
/usr/bin/make -f CMakeFiles/cmTC_9c837.dir/build.make CMakeFiles/cmTC_9c837.dir/build
make[2]: Entering directory '/home/sudeep03799/New2/libraries/build-Debug/cmocka/CMakeFiles/CMakeTmp'
Building C object CMakeFiles/cmTC_9c837.dir/CheckIncludeFile.c.o
/usr/bin/cc    -std=gnu99 -pedantic -pedantic-errors -Wall -Wextra -Wshadow -Wmissing-prototypes -Wdeclaration-after-statement -Wunused -Wfloat-equal -Wpointer-arith -Wwrite-strings -Wformat-security -Wmissing-format-attribute -Wundef -Wstrict-prototypes -fPIC -fstack-protector -D_GNU_SOURCE -D_LARGEFILE64_SOURCE    -o CMakeFiles/cmTC_9c837.dir/CheckIncludeFile.c.o   -c /home/sudeep03799/New2/libraries/build-Debug/cmocka/CMakeFiles/CMakeTmp/CheckIncludeFile.c
Linking C executable cmTC_9c837
/usr/bin/cmake -E cmake_link_script CMakeFiles/cmTC_9c837.dir/link.txt --verbose=1
/usr/bin/cc   -std=gnu99 -pedantic -pedantic-errors -Wall -Wextra -Wshadow -Wmissing-prototypes -Wdeclaration-after-statement -Wunused -Wfloat-equal -Wpointer-arith -Wwrite-strings -Wformat-security -Wmissing-format-attribute -Wundef -Wstrict-prototypes -fPIC -fstack-protector -D_GNU_SOURCE -D_LARGEFILE64_SOURCE     CMakeFiles/cmTC_9c837.dir/CheckIncludeFile.c.o  -o cmTC_9c837 -rdynamic 
make[2]: Leaving directory '/home/sudeep03799/New2/libraries/build-Debug/cmocka/CMakeFiles/CMakeTmp'
make[1]: Leaving directory '/home/sudeep03799/New2/libraries/build-Debug/cmocka/CMakeFiles/CMakeTmp'


Determining if the include file stdarg.h exists passed with the following output:
Change Dir: /home/sudeep03799/New2/libraries/build-Debug/cmocka/CMakeFiles/CMakeTmp

Run Build Command:"/usr/bin/make" "cmTC_89683/fast"
make[1]: Entering directory '/home/sudeep03799/New2/libraries/build-Debug/cmocka/CMakeFiles/CMakeTmp'
/usr/bin/make -f CMakeFiles/cmTC_89683.dir/build.make CMakeFiles/cmTC_89683.dir/build
make[2]: Entering directory '/home/sudeep03799/New2/libraries/build-Debug/cmocka/CMakeFiles/CMakeTmp'
Building C object CMakeFiles/cmTC_89683.dir/CheckIncludeFile.c.o
/usr/bin/cc    -std=gnu99 -pedantic -pedantic-errors -Wall -Wextra -Wshadow -Wmissing-prototypes -Wdeclaration-after-statement -Wunused -Wfloat-equal -Wpointer-arith -Wwrite-strings -Wformat-security -Wmissing-format-attribute -Wundef -Wstrict-prototypes -fPIC -fstack-protector -D_GNU_SOURCE -D_LARGEFILE64_SOURCE    -o CMakeFiles/cmTC_89683.dir/CheckIncludeFile.c.o   -c /home/sudeep03799/New2/libraries/build-Debug/cmocka/CMakeFiles/CMakeTmp/CheckIncludeFile.c
Linking C executable cmTC_89683
/usr/bin/cmake -E cmake_link_script CMakeFiles/cmTC_89683.dir/link.txt --verbose=1
/usr/bin/cc   -std=gnu99 -pedantic -pedantic-errors -Wall -Wextra -Wshadow -Wmissing-prototypes -Wdeclaration-after-statement -Wunused -Wfloat-equal -Wpointer-arith -Wwrite-strings -Wformat-security -Wmissing-format-attribute -Wundef -Wstrict-prototypes -fPIC -fstack-protector -D_GNU_SOURCE -D_LARGEFILE64_SOURCE     CMakeFiles/cmTC_89683.dir/CheckIncludeFile.c.o  -o cmTC_89683 -rdynamic 
make[2]: Leaving directory '/home/sudeep03799/New2/libraries/build-Debug/cmocka/CMakeFiles/CMakeTmp'
make[1]: Leaving directory '/home/sudeep03799/New2/libraries/build-Debug/cmocka/CMakeFiles/CMakeTmp'


Determining if the include file stddef.h exists passed with the following output:
Change Dir: /home/sudeep03799/New2/libraries/build-Debug/cmocka/CMakeFiles/CMakeTmp

Run Build Command:"/usr/bin/make" "cmTC_6acc8/fast"
make[1]: Entering directory '/home/sudeep03799/New2/libraries/build-Debug/cmocka/CMakeFiles/CMakeTmp'
/usr/bin/make -f CMakeFiles/cmTC_6acc8.dir/build.make CMakeFiles/cmTC_6acc8.dir/build
make[2]: Entering directory '/home/sudeep03799/New2/libraries/build-Debug/cmocka/CMakeFiles/CMakeTmp'
Building C object CMakeFiles/cmTC_6acc8.dir/CheckIncludeFile.c.o
/usr/bin/cc    -std=gnu99 -pedantic -pedantic-errors -Wall -Wextra -Wshadow -Wmissing-prototypes -Wdeclaration-after-statement -Wunused -Wfloat-equal -Wpointer-arith -Wwrite-strings -Wformat-security -Wmissing-format-attribute -Wundef -Wstrict-prototypes -fPIC -fstack-protector -D_GNU_SOURCE -D_LARGEFILE64_SOURCE    -o CMakeFiles/cmTC_6acc8.dir/CheckIncludeFile.c.o   -c /home/sudeep03799/New2/libraries/build-Debug/cmocka/CMakeFiles/CMakeTmp/CheckIncludeFile.c
Linking C executable cmTC_6acc8
/usr/bin/cmake -E cmake_link_script CMakeFiles/cmTC_6acc8.dir/link.txt --verbose=1
/usr/bin/cc   -std=gnu99 -pedantic -pedantic-errors -Wall -Wextra -Wshadow -Wmissing-prototypes -Wdeclaration-after-statement -Wunused -Wfloat-equal -Wpointer-arith -Wwrite-strings -Wformat-security -Wmissing-format-attribute -Wundef -Wstrict-prototypes -fPIC -fstack-protector -D_GNU_SOURCE -D_LARGEFILE64_SOURCE     CMakeFiles/cmTC_6acc8.dir/CheckIncludeFile.c.o  -o cmTC_6acc8 -rdynamic 
make[2]: Leaving directory '/home/sudeep03799/New2/libraries/build-Debug/cmocka/CMakeFiles/CMakeTmp'
make[1]: Leaving directory '/home/sudeep03799/New2/libraries/build-Debug/cmocka/CMakeFiles/CMakeTmp'


Determining if the include file stdint.h exists passed with the following output:
Change Dir: /home/sudeep03799/New2/libraries/build-Debug/cmocka/CMakeFiles/CMakeTmp

Run Build Command:"/usr/bin/make" "cmTC_9f12d/fast"
make[1]: Entering directory '/home/sudeep03799/New2/libraries/build-Debug/cmocka/CMakeFiles/CMakeTmp'
/usr/bin/make -f CMakeFiles/cmTC_9f12d.dir/build.make CMakeFiles/cmTC_9f12d.dir/build
make[2]: Entering directory '/home/sudeep03799/New2/libraries/build-Debug/cmocka/CMakeFiles/CMakeTmp'
Building C object CMakeFiles/cmTC_9f12d.dir/CheckIncludeFile.c.o
/usr/bin/cc    -std=gnu99 -pedantic -pedantic-errors -Wall -Wextra -Wshadow -Wmissing-prototypes -Wdeclaration-after-statement -Wunused -Wfloat-equal -Wpointer-arith -Wwrite-strings -Wformat-security -Wmissing-format-attribute -Wundef -Wstrict-prototypes -fPIC -fstack-protector -D_GNU_SOURCE -D_LARGEFILE64_SOURCE    -o CMakeFiles/cmTC_9f12d.dir/CheckIncludeFile.c.o   -c /home/sudeep03799/New2/libraries/build-Debug/cmocka/CMakeFiles/CMakeTmp/CheckIncludeFile.c
Linking C executable cmTC_9f12d
/usr/bin/cmake -E cmake_link_script CMakeFiles/cmTC_9f12d.dir/link.txt --verbose=1
/usr/bin/cc   -std=gnu99 -pedantic -pedantic-errors -Wall -Wextra -Wshadow -Wmissing-prototypes -Wdeclaration-after-statement -Wunused -Wfloat-equal -Wpointer-arith -Wwrite-strings -Wformat-security -Wmissing-format-attribute -Wundef -Wstrict-prototypes -fPIC -fstack-protector -D_GNU_SOURCE -D_LARGEFILE64_SOURCE     CMakeFiles/cmTC_9f12d.dir/CheckIncludeFile.c.o  -o cmTC_9f12d -rdynamic 
make[2]: Leaving directory '/home/sudeep03799/New2/libraries/build-Debug/cmocka/CMakeFiles/CMakeTmp'
make[1]: Leaving directory '/home/sudeep03799/New2/libraries/build-Debug/cmocka/CMakeFiles/CMakeTmp'


Determining if the include file stdio.h exists passed with the following output:
Change Dir: /home/sudeep03799/New2/libraries/build-Debug/cmocka/CMakeFiles/CMakeTmp

Run Build Command:"/usr/bin/make" "cmTC_f6958/fast"
make[1]: Entering directory '/home/sudeep03799/New2/libraries/build-Debug/cmocka/CMakeFiles/CMakeTmp'
/usr/bin/make -f CMakeFiles/cmTC_f6958.dir/build.make CMakeFiles/cmTC_f6958.dir/build
make[2]: Entering directory '/home/sudeep03799/New2/libraries/build-Debug/cmocka/CMakeFiles/CMakeTmp'
Building C object CMakeFiles/cmTC_f6958.dir/CheckIncludeFile.c.o
/usr/bin/cc    -std=gnu99 -pedantic -pedantic-errors -Wall -Wextra -Wshadow -Wmissing-prototypes -Wdeclaration-after-statement -Wunused -Wfloat-equal -Wpointer-arith -Wwrite-strings -Wformat-security -Wmissing-format-attribute -Wundef -Wstrict-prototypes -fPIC -fstack-protector -D_GNU_SOURCE -D_LARGEFILE64_SOURCE    -o CMakeFiles/cmTC_f6958.dir/CheckIncludeFile.c.o   -c /home/sudeep03799/New2/libraries/build-Debug/cmocka/CMakeFiles/CMakeTmp/CheckIncludeFile.c
Linking C executable cmTC_f6958
/usr/bin/cmake -E cmake_link_script CMakeFiles/cmTC_f6958.dir/link.txt --verbose=1
/usr/bin/cc   -std=gnu99 -pedantic -pedantic-errors -Wall -Wextra -Wshadow -Wmissing-prototypes -Wdeclaration-after-statement -Wunused -Wfloat-equal -Wpointer-arith -Wwrite-strings -Wformat-security -Wmissing-format-attribute -Wundef -Wstrict-prototypes -fPIC -fstack-protector -D_GNU_SOURCE -D_LARGEFILE64_SOURCE     CMakeFiles/cmTC_f6958.dir/CheckIncludeFile.c.o  -o cmTC_f6958 -rdynamic 
make[2]: Leaving directory '/home/sudeep03799/New2/libraries/build-Debug/cmocka/CMakeFiles/CMakeTmp'
make[1]: Leaving directory '/home/sudeep03799/New2/libraries/build-Debug/cmocka/CMakeFiles/CMakeTmp'


Determining if the include file stdlib.h exists passed with the following output:
Change Dir: /home/sudeep03799/New2/libraries/build-Debug/cmocka/CMakeFiles/CMakeTmp

Run Build Command:"/usr/bin/make" "cmTC_5b6ef/fast"
make[1]: Entering directory '/home/sudeep03799/New2/libraries/build-Debug/cmocka/CMakeFiles/CMakeTmp'
/usr/bin/make -f CMakeFiles/cmTC_5b6ef.dir/build.make CMakeFiles/cmTC_5b6ef.dir/build
make[2]: Entering directory '/home/sudeep03799/New2/libraries/build-Debug/cmocka/CMakeFiles/CMakeTmp'
Building C object CMakeFiles/cmTC_5b6ef.dir/CheckIncludeFile.c.o
/usr/bin/cc    -std=gnu99 -pedantic -pedantic-errors -Wall -Wextra -Wshadow -Wmissing-prototypes -Wdeclaration-after-statement -Wunused -Wfloat-equal -Wpointer-arith -Wwrite-strings -Wformat-security -Wmissing-format-attribute -Wundef -Wstrict-prototypes -fPIC -fstack-protector -D_GNU_SOURCE -D_LARGEFILE64_SOURCE    -o CMakeFiles/cmTC_5b6ef.dir/CheckIncludeFile.c.o   -c /home/sudeep03799/New2/libraries/build-Debug/cmocka/CMakeFiles/CMakeTmp/CheckIncludeFile.c
Linking C executable cmTC_5b6ef
/usr/bin/cmake -E cmake_link_script CMakeFiles/cmTC_5b6ef.dir/link.txt --verbose=1
/usr/bin/cc   -std=gnu99 -pedantic -pedantic-errors -Wall -Wextra -Wshadow -Wmissing-prototypes -Wdeclaration-after-statement -Wunused -Wfloat-equal -Wpointer-arith -Wwrite-strings -Wformat-security -Wmissing-format-attribute -Wundef -Wstrict-prototypes -fPIC -fstack-protector -D_GNU_SOURCE -D_LARGEFILE64_SOURCE     CMakeFiles/cmTC_5b6ef.dir/CheckIncludeFile.c.o  -o cmTC_5b6ef -rdynamic 
make[2]: Leaving directory '/home/sudeep03799/New2/libraries/build-Debug/cmocka/CMakeFiles/CMakeTmp'
make[1]: Leaving directory '/home/sudeep03799/New2/libraries/build-Debug/cmocka/CMakeFiles/CMakeTmp'


Determining if the include file string.h exists passed with the following output:
Change Dir: /home/sudeep03799/New2/libraries/build-Debug/cmocka/CMakeFiles/CMakeTmp

Run Build Command:"/usr/bin/make" "cmTC_d1be1/fast"
make[1]: Entering directory '/home/sudeep03799/New2/libraries/build-Debug/cmocka/CMakeFiles/CMakeTmp'
/usr/bin/make -f CMakeFiles/cmTC_d1be1.dir/build.make CMakeFiles/cmTC_d1be1.dir/build
make[2]: Entering directory '/home/sudeep03799/New2/libraries/build-Debug/cmocka/CMakeFiles/CMakeTmp'
Building C object CMakeFiles/cmTC_d1be1.dir/CheckIncludeFile.c.o
/usr/bin/cc    -std=gnu99 -pedantic -pedantic-errors -Wall -Wextra -Wshadow -Wmissing-prototypes -Wdeclaration-after-statement -Wunused -Wfloat-equal -Wpointer-arith -Wwrite-strings -Wformat-security -Wmissing-format-attribute -Wundef -Wstrict-prototypes -fPIC -fstack-protector -D_GNU_SOURCE -D_LARGEFILE64_SOURCE    -o CMakeFiles/cmTC_d1be1.dir/CheckIncludeFile.c.o   -c /home/sudeep03799/New2/libraries/build-Debug/cmocka/CMakeFiles/CMakeTmp/CheckIncludeFile.c
Linking C executable cmTC_d1be1
/usr/bin/cmake -E cmake_link_script CMakeFiles/cmTC_d1be1.dir/link.txt --verbose=1
/usr/bin/cc   -std=gnu99 -pedantic -pedantic-errors -Wall -Wextra -Wshadow -Wmissing-prototypes -Wdeclaration-after-statement -Wunused -Wfloat-equal -Wpointer-arith -Wwrite-strings -Wformat-security -Wmissing-format-attribute -Wundef -Wstrict-prototypes -fPIC -fstack-protector -D_GNU_SOURCE -D_LARGEFILE64_SOURCE     CMakeFiles/cmTC_d1be1.dir/CheckIncludeFile.c.o  -o cmTC_d1be1 -rdynamic 
make[2]: Leaving directory '/home/sudeep03799/New2/libraries/build-Debug/cmocka/CMakeFiles/CMakeTmp'
make[1]: Leaving directory '/home/sudeep03799/New2/libraries/build-Debug/cmocka/CMakeFiles/CMakeTmp'


Determining if the include file strings.h exists passed with the following output:
Change Dir: /home/sudeep03799/New2/libraries/build-Debug/cmocka/CMakeFiles/CMakeTmp

Run Build Command:"/usr/bin/make" "cmTC_4ef7d/fast"
make[1]: Entering directory '/home/sudeep03799/New2/libraries/build-Debug/cmocka/CMakeFiles/CMakeTmp'
/usr/bin/make -f CMakeFiles/cmTC_4ef7d.dir/build.make CMakeFiles/cmTC_4ef7d.dir/build
make[2]: Entering directory '/home/sudeep03799/New2/libraries/build-Debug/cmocka/CMakeFiles/CMakeTmp'
Building C object CMakeFiles/cmTC_4ef7d.dir/CheckIncludeFile.c.o
/usr/bin/cc    -std=gnu99 -pedantic -pedantic-errors -Wall -Wextra -Wshadow -Wmissing-prototypes -Wdeclaration-after-statement -Wunused -Wfloat-equal -Wpointer-arith -Wwrite-strings -Wformat-security -Wmissing-format-attribute -Wundef -Wstrict-prototypes -fPIC -fstack-protector -D_GNU_SOURCE -D_LARGEFILE64_SOURCE    -o CMakeFiles/cmTC_4ef7d.dir/CheckIncludeFile.c.o   -c /home/sudeep03799/New2/libraries/build-Debug/cmocka/CMakeFiles/CMakeTmp/CheckIncludeFile.c
Linking C executable cmTC_4ef7d
/usr/bin/cmake -E cmake_link_script CMakeFiles/cmTC_4ef7d.dir/link.txt --verbose=1
/usr/bin/cc   -std=gnu99 -pedantic -pedantic-errors -Wall -Wextra -Wshadow -Wmissing-prototypes -Wdeclaration-after-statement -Wunused -Wfloat-equal -Wpointer-arith -Wwrite-strings -Wformat-security -Wmissing-format-attribute -Wundef -Wstrict-prototypes -fPIC -fstack-protector -D_GNU_SOURCE -D_LARGEFILE64_SOURCE     CMakeFiles/cmTC_4ef7d.dir/CheckIncludeFile.c.o  -o cmTC_4ef7d -rdynamic 
make[2]: Leaving directory '/home/sudeep03799/New2/libraries/build-Debug/cmocka/CMakeFiles/CMakeTmp'
make[1]: Leaving directory '/home/sudeep03799/New2/libraries/build-Debug/cmocka/CMakeFiles/CMakeTmp'


Determining if the include file sys/stat.h exists passed with the following output:
Change Dir: /home/sudeep03799/New2/libraries/build-Debug/cmocka/CMakeFiles/CMakeTmp

Run Build Command:"/usr/bin/make" "cmTC_fc491/fast"
make[1]: Entering directory '/home/sudeep03799/New2/libraries/build-Debug/cmocka/CMakeFiles/CMakeTmp'
/usr/bin/make -f CMakeFiles/cmTC_fc491.dir/build.make CMakeFiles/cmTC_fc491.dir/build
make[2]: Entering directory '/home/sudeep03799/New2/libraries/build-Debug/cmocka/CMakeFiles/CMakeTmp'
Building C object CMakeFiles/cmTC_fc491.dir/CheckIncludeFile.c.o
/usr/bin/cc    -std=gnu99 -pedantic -pedantic-errors -Wall -Wextra -Wshadow -Wmissing-prototypes -Wdeclaration-after-statement -Wunused -Wfloat-equal -Wpointer-arith -Wwrite-strings -Wformat-security -Wmissing-format-attribute -Wundef -Wstrict-prototypes -fPIC -fstack-protector -D_GNU_SOURCE -D_LARGEFILE64_SOURCE    -o CMakeFiles/cmTC_fc491.dir/CheckIncludeFile.c.o   -c /home/sudeep03799/New2/libraries/build-Debug/cmocka/CMakeFiles/CMakeTmp/CheckIncludeFile.c
Linking C executable cmTC_fc491
/usr/bin/cmake -E cmake_link_script CMakeFiles/cmTC_fc491.dir/link.txt --verbose=1
/usr/bin/cc   -std=gnu99 -pedantic -pedantic-errors -Wall -Wextra -Wshadow -Wmissing-prototypes -Wdeclaration-after-statement -Wunused -Wfloat-equal -Wpointer-arith -Wwrite-strings -Wformat-security -Wmissing-format-attribute -Wundef -Wstrict-prototypes -fPIC -fstack-protector -D_GNU_SOURCE -D_LARGEFILE64_SOURCE     CMakeFiles/cmTC_fc491.dir/CheckIncludeFile.c.o  -o cmTC_fc491 -rdynamic 
make[2]: Leaving directory '/home/sudeep03799/New2/libraries/build-Debug/cmocka/CMakeFiles/CMakeTmp'
make[1]: Leaving directory '/home/sudeep03799/New2/libraries/build-Debug/cmocka/CMakeFiles/CMakeTmp'


Determining if the include file sys/types.h exists passed with the following output:
Change Dir: /home/sudeep03799/New2/libraries/build-Debug/cmocka/CMakeFiles/CMakeTmp

Run Build Command:"/usr/bin/make" "cmTC_056e7/fast"
make[1]: Entering directory '/home/sudeep03799/New2/libraries/build-Debug/cmocka/CMakeFiles/CMakeTmp'
/usr/bin/make -f CMakeFiles/cmTC_056e7.dir/build.make CMakeFiles/cmTC_056e7.dir/build
make[2]: Entering directory '/home/sudeep03799/New2/libraries/build-Debug/cmocka/CMakeFiles/CMakeTmp'
Building C object CMakeFiles/cmTC_056e7.dir/CheckIncludeFile.c.o
/usr/bin/cc    -std=gnu99 -pedantic -pedantic-errors -Wall -Wextra -Wshadow -Wmissing-prototypes -Wdeclaration-after-statement -Wunused -Wfloat-equal -Wpointer-arith -Wwrite-strings -Wformat-security -Wmissing-format-attribute -Wundef -Wstrict-prototypes -fPIC -fstack-protector -D_GNU_SOURCE -D_LARGEFILE64_SOURCE    -o CMakeFiles/cmTC_056e7.dir/CheckIncludeFile.c.o   -c /home/sudeep03799/New2/libraries/build-Debug/cmocka/CMakeFiles/CMakeTmp/CheckIncludeFile.c
Linking C executable cmTC_056e7
/usr/bin/cmake -E cmake_link_script CMakeFiles/cmTC_056e7.dir/link.txt --verbose=1
/usr/bin/cc   -std=gnu99 -pedantic -pedantic-errors -Wall -Wextra -Wshadow -Wmissing-prototypes -Wdeclaration-after-statement -Wunused -Wfloat-equal -Wpointer-arith -Wwrite-strings -Wformat-security -Wmissing-format-attribute -Wundef -Wstrict-prototypes -fPIC -fstack-protector -D_GNU_SOURCE -D_LARGEFILE64_SOURCE     CMakeFiles/cmTC_056e7.dir/CheckIncludeFile.c.o  -o cmTC_056e7 -rdynamic 
make[2]: Leaving directory '/home/sudeep03799/New2/libraries/build-Debug/cmocka/CMakeFiles/CMakeTmp'
make[1]: Leaving directory '/home/sudeep03799/New2/libraries/build-Debug/cmocka/CMakeFiles/CMakeTmp'


Determining if the include file time.h exists passed with the following output:
Change Dir: /home/sudeep03799/New2/libraries/build-Debug/cmocka/CMakeFiles/CMakeTmp

Run Build Command:"/usr/bin/make" "cmTC_46438/fast"
make[1]: Entering directory '/home/sudeep03799/New2/libraries/build-Debug/cmocka/CMakeFiles/CMakeTmp'
/usr/bin/make -f CMakeFiles/cmTC_46438.dir/build.make CMakeFiles/cmTC_46438.dir/build
make[2]: Entering directory '/home/sudeep03799/New2/libraries/build-Debug/cmocka/CMakeFiles/CMakeTmp'
Building C object CMakeFiles/cmTC_46438.dir/CheckIncludeFile.c.o
/usr/bin/cc    -std=gnu99 -pedantic -pedantic-errors -Wall -Wextra -Wshadow -Wmissing-prototypes -Wdeclaration-after-statement -Wunused -Wfloat-equal -Wpointer-arith -Wwrite-strings -Wformat-security -Wmissing-format-attribute -Wundef -Wstrict-prototypes -fPIC -fstack-protector -D_GNU_SOURCE -D_LARGEFILE64_SOURCE    -o CMakeFiles/cmTC_46438.dir/CheckIncludeFile.c.o   -c /home/sudeep03799/New2/libraries/build-Debug/cmocka/CMakeFiles/CMakeTmp/CheckIncludeFile.c
Linking C executable cmTC_46438
/usr/bin/cmake -E cmake_link_script CMakeFiles/cmTC_46438.dir/link.txt --verbose=1
/usr/bin/cc   -std=gnu99 -pedantic -pedantic-errors -Wall -Wextra -Wshadow -Wmissing-prototypes -Wdeclaration-after-statement -Wunused -Wfloat-equal -Wpointer-arith -Wwrite-strings -Wformat-security -Wmissing-format-attribute -Wundef -Wstrict-prototypes -fPIC -fstack-protector -D_GNU_SOURCE -D_LARGEFILE64_SOURCE     CMakeFiles/cmTC_46438.dir/CheckIncludeFile.c.o  -o cmTC_46438 -rdynamic 
make[2]: Leaving directory '/home/sudeep03799/New2/libraries/build-Debug/cmocka/CMakeFiles/CMakeTmp'
make[1]: Leaving directory '/home/sudeep03799/New2/libraries/build-Debug/cmocka/CMakeFiles/CMakeTmp'


Determining if the include file unistd.h exists passed with the following output:
Change Dir: /home/sudeep03799/New2/libraries/build-Debug/cmocka/CMakeFiles/CMakeTmp

Run Build Command:"/usr/bin/make" "cmTC_de70b/fast"
make[1]: Entering directory '/home/sudeep03799/New2/libraries/build-Debug/cmocka/CMakeFiles/CMakeTmp'
/usr/bin/make -f CMakeFiles/cmTC_de70b.dir/build.make CMakeFiles/cmTC_de70b.dir/build
make[2]: Entering directory '/home/sudeep03799/New2/libraries/build-Debug/cmocka/CMakeFiles/CMakeTmp'
Building C object CMakeFiles/cmTC_de70b.dir/CheckIncludeFile.c.o
/usr/bin/cc    -std=gnu99 -pedantic -pedantic-errors -Wall -Wextra -Wshadow -Wmissing-prototypes -Wdeclaration-after-statement -Wunused -Wfloat-equal -Wpointer-arith -Wwrite-strings -Wformat-security -Wmissing-format-attribute -Wundef -Wstrict-prototypes -fPIC -fstack-protector -D_GNU_SOURCE -D_LARGEFILE64_SOURCE    -o CMakeFiles/cmTC_de70b.dir/CheckIncludeFile.c.o   -c /home/sudeep03799/New2/libraries/build-Debug/cmocka/CMakeFiles/CMakeTmp/CheckIncludeFile.c
Linking C executable cmTC_de70b
/usr/bin/cmake -E cmake_link_script CMakeFiles/cmTC_de70b.dir/link.txt --verbose=1
/usr/bin/cc   -std=gnu99 -pedantic -pedantic-errors -Wall -Wextra -Wshadow -Wmissing-prototypes -Wdeclaration-after-statement -Wunused -Wfloat-equal -Wpointer-arith -Wwrite-strings -Wformat-security -Wmissing-format-attribute -Wundef -Wstrict-prototypes -fPIC -fstack-protector -D_GNU_SOURCE -D_LARGEFILE64_SOURCE     CMakeFiles/cmTC_de70b.dir/CheckIncludeFile.c.o  -o cmTC_de70b -rdynamic 
make[2]: Leaving directory '/home/sudeep03799/New2/libraries/build-Debug/cmocka/CMakeFiles/CMakeTmp'
make[1]: Leaving directory '/home/sudeep03799/New2/libraries/build-Debug/cmocka/CMakeFiles/CMakeTmp'


Performing C SOURCE FILE Test HAVE_STRUCT_TIMESPEC succeeded with the following output:
Change Dir: /home/sudeep03799/New2/libraries/build-Debug/cmocka/CMakeFiles/CMakeTmp

Run Build Command:"/usr/bin/make" "cmTC_e356e/fast"
make[1]: Entering directory '/home/sudeep03799/New2/libraries/build-Debug/cmocka/CMakeFiles/CMakeTmp'
/usr/bin/make -f CMakeFiles/cmTC_e356e.dir/build.make CMakeFiles/cmTC_e356e.dir/build
make[2]: Entering directory '/home/sudeep03799/New2/libraries/build-Debug/cmocka/CMakeFiles/CMakeTmp'
Building C object CMakeFiles/cmTC_e356e.dir/src.c.o
/usr/bin/cc    -std=gnu99 -pedantic -pedantic-errors -Wall -Wextra -Wshadow -Wmissing-prototypes -Wdeclaration-after-statement -Wunused -Wfloat-equal -Wpointer-arith -Wwrite-strings -Wformat-security -Wmissing-format-attribute -Wundef -Wstrict-prototypes -fPIC -fstack-protector -D_GNU_SOURCE -D_LARGEFILE64_SOURCE -DHAVE_STRUCT_TIMESPEC   -o CMakeFiles/cmTC_e356e.dir/src.c.o   -c /home/sudeep03799/New2/libraries/build-Debug/cmocka/CMakeFiles/CMakeTmp/src.c
/home/sudeep03799/New2/libraries/build-Debug/cmocka/CMakeFiles/CMakeTmp/src.c:4:5: warning: function declaration isn’t a prototype [-Wstrict-prototypes]
 int main()
     ^
Linking C executable cmTC_e356e
/usr/bin/cmake -E cmake_link_script CMakeFiles/cmTC_e356e.dir/link.txt --verbose=1
/usr/bin/cc   -std=gnu99 -pedantic -pedantic-errors -Wall -Wextra -Wshadow -Wmissing-prototypes -Wdeclaration-after-statement -Wunused -Wfloat-equal -Wpointer-arith -Wwrite-strings -Wformat-security -Wmissing-format-attribute -Wundef -Wstrict-prototypes -fPIC -fstack-protector -D_GNU_SOURCE -D_LARGEFILE64_SOURCE -DHAVE_STRUCT_TIMESPEC    CMakeFiles/cmTC_e356e.dir/src.c.o  -o cmTC_e356e -rdynamic 
make[2]: Leaving directory '/home/sudeep03799/New2/libraries/build-Debug/cmocka/CMakeFiles/CMakeTmp'
make[1]: Leaving directory '/home/sudeep03799/New2/libraries/build-Debug/cmocka/CMakeFiles/CMakeTmp'

Source file was:

#include <time.h>

int main()
{
   (void)sizeof(((struct timespec *)0)->tv_sec);
   return 0;
}

Determining if the function calloc exists passed with the following output:
Change Dir: /home/sudeep03799/New2/libraries/build-Debug/cmocka/CMakeFiles/CMakeTmp

Run Build Command:"/usr/bin/make" "cmTC_ef0dc/fast"
make[1]: Entering directory '/home/sudeep03799/New2/libraries/build-Debug/cmocka/CMakeFiles/CMakeTmp'
/usr/bin/make -f CMakeFiles/cmTC_ef0dc.dir/build.make CMakeFiles/cmTC_ef0dc.dir/build
make[2]: Entering directory '/home/sudeep03799/New2/libraries/build-Debug/cmocka/CMakeFiles/CMakeTmp'
Building C object CMakeFiles/cmTC_ef0dc.dir/CheckFunctionExists.c.o
/usr/bin/cc    -std=gnu99 -pedantic -pedantic-errors -Wall -Wextra -Wshadow -Wmissing-prototypes -Wdeclaration-after-statement -Wunused -Wfloat-equal -Wpointer-arith -Wwrite-strings -Wformat-security -Wmissing-format-attribute -Wundef -Wstrict-prototypes -fPIC -fstack-protector -D_GNU_SOURCE -D_LARGEFILE64_SOURCE -DCHECK_FUNCTION_EXISTS=calloc   -o CMakeFiles/cmTC_ef0dc.dir/CheckFunctionExists.c.o   -c /usr/share/cmake-3.5/Modules/CheckFunctionExists.c
/usr/share/cmake-3.5/Modules/CheckFunctionExists.c:6:1: warning: function declaration isn’t a prototype [-Wstrict-prototypes]
 char CHECK_FUNCTION_EXISTS();
 ^
<command-line>:0:23: warning: conflicting types for built-in function ‘calloc’
/usr/share/cmake-3.5/Modules/CheckFunctionExists.c:6:6: note: in expansion of macro ‘CHECK_FUNCTION_EXISTS’
 char CHECK_FUNCTION_EXISTS();
      ^
Linking C executable cmTC_ef0dc
/usr/bin/cmake -E cmake_link_script CMakeFiles/cmTC_ef0dc.dir/link.txt --verbose=1
/usr/bin/cc   -std=gnu99 -pedantic -pedantic-errors -Wall -Wextra -Wshadow -Wmissing-prototypes -Wdeclaration-after-statement -Wunused -Wfloat-equal -Wpointer-arith -Wwrite-strings -Wformat-security -Wmissing-format-attribute -Wundef -Wstrict-prototypes -fPIC -fstack-protector -D_GNU_SOURCE -D_LARGEFILE64_SOURCE -DCHECK_FUNCTION_EXISTS=calloc    CMakeFiles/cmTC_ef0dc.dir/CheckFunctionExists.c.o  -o cmTC_ef0dc -rdynamic 
make[2]: Leaving directory '/home/sudeep03799/New2/libraries/build-Debug/cmocka/CMakeFiles/CMakeTmp'
make[1]: Leaving directory '/home/sudeep03799/New2/libraries/build-Debug/cmocka/CMakeFiles/CMakeTmp'


Determining if the function exit exists passed with the following output:
Change Dir: /home/sudeep03799/New2/libraries/build-Debug/cmocka/CMakeFiles/CMakeTmp

Run Build Command:"/usr/bin/make" "cmTC_0f6dc/fast"
make[1]: Entering directory '/home/sudeep03799/New2/libraries/build-Debug/cmocka/CMakeFiles/CMakeTmp'
/usr/bin/make -f CMakeFiles/cmTC_0f6dc.dir/build.make CMakeFiles/cmTC_0f6dc.dir/build
make[2]: Entering directory '/home/sudeep03799/New2/libraries/build-Debug/cmocka/CMakeFiles/CMakeTmp'
Building C object CMakeFiles/cmTC_0f6dc.dir/CheckFunctionExists.c.o
/usr/bin/cc    -std=gnu99 -pedantic -pedantic-errors -Wall -Wextra -Wshadow -Wmissing-prototypes -Wdeclaration-after-statement -Wunused -Wfloat-equal -Wpointer-arith -Wwrite-strings -Wformat-security -Wmissing-format-attribute -Wundef -Wstrict-prototypes -fPIC -fstack-protector -D_GNU_SOURCE -D_LARGEFILE64_SOURCE -DCHECK_FUNCTION_EXISTS=exit   -o CMakeFiles/cmTC_0f6dc.dir/CheckFunctionExists.c.o   -c /usr/share/cmake-3.5/Modules/CheckFunctionExists.c
/usr/share/cmake-3.5/Modules/CheckFunctionExists.c:6:1: warning: function declaration isn’t a prototype [-Wstrict-prototypes]
 char CHECK_FUNCTION_EXISTS();
 ^
<command-line>:0:23: warning: conflicting types for built-in function ‘exit’
/usr/share/cmake-3.5/Modules/CheckFunctionExists.c:6:6: note: in expansion of macro ‘CHECK_FUNCTION_EXISTS’
 char CHECK_FUNCTION_EXISTS();
      ^
Linking C executable cmTC_0f6dc
/usr/bin/cmake -E cmake_link_script CMakeFiles/cmTC_0f6dc.dir/link.txt --verbose=1
/usr/bin/cc   -std=gnu99 -pedantic -pedantic-errors -Wall -Wextra -Wshadow -Wmissing-prototypes -Wdeclaration-after-statement -Wunused -Wfloat-equal -Wpointer-arith -Wwrite-strings -Wformat-security -Wmissing-format-attribute -Wundef -Wstrict-prototypes -fPIC -fstack-protector -D_GNU_SOURCE -D_LARGEFILE64_SOURCE -DCHECK_FUNCTION_EXISTS=exit    CMakeFiles/cmTC_0f6dc.dir/CheckFunctionExists.c.o  -o cmTC_0f6dc -rdynamic 
make[2]: Leaving directory '/home/sudeep03799/New2/libraries/build-Debug/cmocka/CMakeFiles/CMakeTmp'
make[1]: Leaving directory '/home/sudeep03799/New2/libraries/build-Debug/cmocka/CMakeFiles/CMakeTmp'


Determining if the function fprintf exists passed with the following output:
Change Dir: /home/sudeep03799/New2/libraries/build-Debug/cmocka/CMakeFiles/CMakeTmp

Run Build Command:"/usr/bin/make" "cmTC_1c1b9/fast"
make[1]: Entering directory '/home/sudeep03799/New2/libraries/build-Debug/cmocka/CMakeFiles/CMakeTmp'
/usr/bin/make -f CMakeFiles/cmTC_1c1b9.dir/build.make CMakeFiles/cmTC_1c1b9.dir/build
make[2]: Entering directory '/home/sudeep03799/New2/libraries/build-Debug/cmocka/CMakeFiles/CMakeTmp'
Building C object CMakeFiles/cmTC_1c1b9.dir/CheckFunctionExists.c.o
/usr/bin/cc    -std=gnu99 -pedantic -pedantic-errors -Wall -Wextra -Wshadow -Wmissing-prototypes -Wdeclaration-after-statement -Wunused -Wfloat-equal -Wpointer-arith -Wwrite-strings -Wformat-security -Wmissing-format-attribute -Wundef -Wstrict-prototypes -fPIC -fstack-protector -D_GNU_SOURCE -D_LARGEFILE64_SOURCE -DCHECK_FUNCTION_EXISTS=fprintf   -o CMakeFiles/cmTC_1c1b9.dir/CheckFunctionExists.c.o   -c /usr/share/cmake-3.5/Modules/CheckFunctionExists.c
/usr/share/cmake-3.5/Modules/CheckFunctionExists.c:6:1: warning: function declaration isn’t a prototype [-Wstrict-prototypes]
 char CHECK_FUNCTION_EXISTS();
 ^
<command-line>:0:23: warning: conflicting types for built-in function ‘fprintf’
/usr/share/cmake-3.5/Modules/CheckFunctionExists.c:6:6: note: in expansion of macro ‘CHECK_FUNCTION_EXISTS’
 char CHECK_FUNCTION_EXISTS();
      ^
Linking C executable cmTC_1c1b9
/usr/bin/cmake -E cmake_link_script CMakeFiles/cmTC_1c1b9.dir/link.txt --verbose=1
/usr/bin/cc   -std=gnu99 -pedantic -pedantic-errors -Wall -Wextra -Wshadow -Wmissing-prototypes -Wdeclaration-after-statement -Wunused -Wfloat-equal -Wpointer-arith -Wwrite-strings -Wformat-security -Wmissing-format-attribute -Wundef -Wstrict-prototypes -fPIC -fstack-protector -D_GNU_SOURCE -D_LARGEFILE64_SOURCE -DCHECK_FUNCTION_EXISTS=fprintf    CMakeFiles/cmTC_1c1b9.dir/CheckFunctionExists.c.o  -o cmTC_1c1b9 -rdynamic 
make[2]: Leaving directory '/home/sudeep03799/New2/libraries/build-Debug/cmocka/CMakeFiles/CMakeTmp'
make[1]: Leaving directory '/home/sudeep03799/New2/libraries/build-Debug/cmocka/CMakeFiles/CMakeTmp'


Determining if the function free exists passed with the following output:
Change Dir: /home/sudeep03799/New2/libraries/build-Debug/cmocka/CMakeFiles/CMakeTmp

Run Build Command:"/usr/bin/make" "cmTC_b1a59/fast"
make[1]: Entering directory '/home/sudeep03799/New2/libraries/build-Debug/cmocka/CMakeFiles/CMakeTmp'
/usr/bin/make -f CMakeFiles/cmTC_b1a59.dir/build.make CMakeFiles/cmTC_b1a59.dir/build
make[2]: Entering directory '/home/sudeep03799/New2/libraries/build-Debug/cmocka/CMakeFiles/CMakeTmp'
Building C object CMakeFiles/cmTC_b1a59.dir/CheckFunctionExists.c.o
/usr/bin/cc    -std=gnu99 -pedantic -pedantic-errors -Wall -Wextra -Wshadow -Wmissing-prototypes -Wdeclaration-after-statement -Wunused -Wfloat-equal -Wpointer-arith -Wwrite-strings -Wformat-security -Wmissing-format-attribute -Wundef -Wstrict-prototypes -fPIC -fstack-protector -D_GNU_SOURCE -D_LARGEFILE64_SOURCE -DCHECK_FUNCTION_EXISTS=free   -o CMakeFiles/cmTC_b1a59.dir/CheckFunctionExists.c.o   -c /usr/share/cmake-3.5/Modules/CheckFunctionExists.c
/usr/share/cmake-3.5/Modules/CheckFunctionExists.c:6:1: warning: function declaration isn’t a prototype [-Wstrict-prototypes]
 char CHECK_FUNCTION_EXISTS();
 ^
<command-line>:0:23: warning: conflicting types for built-in function ‘free’
/usr/share/cmake-3.5/Modules/CheckFunctionExists.c:6:6: note: in expansion of macro ‘CHECK_FUNCTION_EXISTS’
 char CHECK_FUNCTION_EXISTS();
      ^
Linking C executable cmTC_b1a59
/usr/bin/cmake -E cmake_link_script CMakeFiles/cmTC_b1a59.dir/link.txt --verbose=1
/usr/bin/cc   -std=gnu99 -pedantic -pedantic-errors -Wall -Wextra -Wshadow -Wmissing-prototypes -Wdeclaration-after-statement -Wunused -Wfloat-equal -Wpointer-arith -Wwrite-strings -Wformat-security -Wmissing-format-attribute -Wundef -Wstrict-prototypes -fPIC -fstack-protector -D_GNU_SOURCE -D_LARGEFILE64_SOURCE -DCHECK_FUNCTION_EXISTS=free    CMakeFiles/cmTC_b1a59.dir/CheckFunctionExists.c.o  -o cmTC_b1a59 -rdynamic 
make[2]: Leaving directory '/home/sudeep03799/New2/libraries/build-Debug/cmocka/CMakeFiles/CMakeTmp'
make[1]: Leaving directory '/home/sudeep03799/New2/libraries/build-Debug/cmocka/CMakeFiles/CMakeTmp'


Determining if the function longjmp exists passed with the following output:
Change Dir: /home/sudeep03799/New2/libraries/build-Debug/cmocka/CMakeFiles/CMakeTmp

Run Build Command:"/usr/bin/make" "cmTC_f609e/fast"
make[1]: Entering directory '/home/sudeep03799/New2/libraries/build-Debug/cmocka/CMakeFiles/CMakeTmp'
/usr/bin/make -f CMakeFiles/cmTC_f609e.dir/build.make CMakeFiles/cmTC_f609e.dir/build
make[2]: Entering directory '/home/sudeep03799/New2/libraries/build-Debug/cmocka/CMakeFiles/CMakeTmp'
Building C object CMakeFiles/cmTC_f609e.dir/CheckFunctionExists.c.o
/usr/bin/cc    -std=gnu99 -pedantic -pedantic-errors -Wall -Wextra -Wshadow -Wmissing-prototypes -Wdeclaration-after-statement -Wunused -Wfloat-equal -Wpointer-arith -Wwrite-strings -Wformat-security -Wmissing-format-attribute -Wundef -Wstrict-prototypes -fPIC -fstack-protector -D_GNU_SOURCE -D_LARGEFILE64_SOURCE -DCHECK_FUNCTION_EXISTS=longjmp   -o CMakeFiles/cmTC_f609e.dir/CheckFunctionExists.c.o   -c /usr/share/cmake-3.5/Modules/CheckFunctionExists.c
/usr/share/cmake-3.5/Modules/CheckFunctionExists.c:6:1: warning: function declaration isn’t a prototype [-Wstrict-prototypes]
 char CHECK_FUNCTION_EXISTS();
 ^
Linking C executable cmTC_f609e
/usr/bin/cmake -E cmake_link_script CMakeFiles/cmTC_f609e.dir/link.txt --verbose=1
/usr/bin/cc   -std=gnu99 -pedantic -pedantic-errors -Wall -Wextra -Wshadow -Wmissing-prototypes -Wdeclaration-after-statement -Wunused -Wfloat-equal -Wpointer-arith -Wwrite-strings -Wformat-security -Wmissing-format-attribute -Wundef -Wstrict-prototypes -fPIC -fstack-protector -D_GNU_SOURCE -D_LARGEFILE64_SOURCE -DCHECK_FUNCTION_EXISTS=longjmp    CMakeFiles/cmTC_f609e.dir/CheckFunctionExists.c.o  -o cmTC_f609e -rdynamic 
make[2]: Leaving directory '/home/sudeep03799/New2/libraries/build-Debug/cmocka/CMakeFiles/CMakeTmp'
make[1]: Leaving directory '/home/sudeep03799/New2/libraries/build-Debug/cmocka/CMakeFiles/CMakeTmp'


Determining if the function siglongjmp exists passed with the following output:
Change Dir: /home/sudeep03799/New2/libraries/build-Debug/cmocka/CMakeFiles/CMakeTmp

Run Build Command:"/usr/bin/make" "cmTC_f7389/fast"
make[1]: Entering directory '/home/sudeep03799/New2/libraries/build-Debug/cmocka/CMakeFiles/CMakeTmp'
/usr/bin/make -f CMakeFiles/cmTC_f7389.dir/build.make CMakeFiles/cmTC_f7389.dir/build
make[2]: Entering directory '/home/sudeep03799/New2/libraries/build-Debug/cmocka/CMakeFiles/CMakeTmp'
Building C object CMakeFiles/cmTC_f7389.dir/CheckFunctionExists.c.o
/usr/bin/cc    -std=gnu99 -pedantic -pedantic-errors -Wall -Wextra -Wshadow -Wmissing-prototypes -Wdeclaration-after-statement -Wunused -Wfloat-equal -Wpointer-arith -Wwrite-strings -Wformat-security -Wmissing-format-attribute -Wundef -Wstrict-prototypes -fPIC -fstack-protector -D_GNU_SOURCE -D_LARGEFILE64_SOURCE -DCHECK_FUNCTION_EXISTS=siglongjmp   -o CMakeFiles/cmTC_f7389.dir/CheckFunctionExists.c.o   -c /usr/share/cmake-3.5/Modules/CheckFunctionExists.c
/usr/share/cmake-3.5/Modules/CheckFunctionExists.c:6:1: warning: function declaration isn’t a prototype [-Wstrict-prototypes]
 char CHECK_FUNCTION_EXISTS();
 ^
Linking C executable cmTC_f7389
/usr/bin/cmake -E cmake_link_script CMakeFiles/cmTC_f7389.dir/link.txt --verbose=1
/usr/bin/cc   -std=gnu99 -pedantic -pedantic-errors -Wall -Wextra -Wshadow -Wmissing-prototypes -Wdeclaration-after-statement -Wunused -Wfloat-equal -Wpointer-arith -Wwrite-strings -Wformat-security -Wmissing-format-attribute -Wundef -Wstrict-prototypes -fPIC -fstack-protector -D_GNU_SOURCE -D_LARGEFILE64_SOURCE -DCHECK_FUNCTION_EXISTS=siglongjmp    CMakeFiles/cmTC_f7389.dir/CheckFunctionExists.c.o  -o cmTC_f7389 -rdynamic 
make[2]: Leaving directory '/home/sudeep03799/New2/libraries/build-Debug/cmocka/CMakeFiles/CMakeTmp'
make[1]: Leaving directory '/home/sudeep03799/New2/libraries/build-Debug/cmocka/CMakeFiles/CMakeTmp'


Determining if the function malloc exists passed with the following output:
Change Dir: /home/sudeep03799/New2/libraries/build-Debug/cmocka/CMakeFiles/CMakeTmp

Run Build Command:"/usr/bin/make" "cmTC_76ddb/fast"
make[1]: Entering directory '/home/sudeep03799/New2/libraries/build-Debug/cmocka/CMakeFiles/CMakeTmp'
/usr/bin/make -f CMakeFiles/cmTC_76ddb.dir/build.make CMakeFiles/cmTC_76ddb.dir/build
make[2]: Entering directory '/home/sudeep03799/New2/libraries/build-Debug/cmocka/CMakeFiles/CMakeTmp'
Building C object CMakeFiles/cmTC_76ddb.dir/CheckFunctionExists.c.o
/usr/bin/cc    -std=gnu99 -pedantic -pedantic-errors -Wall -Wextra -Wshadow -Wmissing-prototypes -Wdeclaration-after-statement -Wunused -Wfloat-equal -Wpointer-arith -Wwrite-strings -Wformat-security -Wmissing-format-attribute -Wundef -Wstrict-prototypes -fPIC -fstack-protector -D_GNU_SOURCE -D_LARGEFILE64_SOURCE -DCHECK_FUNCTION_EXISTS=malloc   -o CMakeFiles/cmTC_76ddb.dir/CheckFunctionExists.c.o   -c /usr/share/cmake-3.5/Modules/CheckFunctionExists.c
/usr/share/cmake-3.5/Modules/CheckFunctionExists.c:6:1: warning: function declaration isn’t a prototype [-Wstrict-prototypes]
 char CHECK_FUNCTION_EXISTS();
 ^
<command-line>:0:23: warning: conflicting types for built-in function ‘malloc’
/usr/share/cmake-3.5/Modules/CheckFunctionExists.c:6:6: note: in expansion of macro ‘CHECK_FUNCTION_EXISTS’
 char CHECK_FUNCTION_EXISTS();
      ^
Linking C executable cmTC_76ddb
/usr/bin/cmake -E cmake_link_script CMakeFiles/cmTC_76ddb.dir/link.txt --verbose=1
/usr/bin/cc   -std=gnu99 -pedantic -pedantic-errors -Wall -Wextra -Wshadow -Wmissing-prototypes -Wdeclaration-after-statement -Wunused -Wfloat-equal -Wpointer-arith -Wwrite-strings -Wformat-security -Wmissing-format-attribute -Wundef -Wstrict-prototypes -fPIC -fstack-protector -D_GNU_SOURCE -D_LARGEFILE64_SOURCE -DCHECK_FUNCTION_EXISTS=malloc    CMakeFiles/cmTC_76ddb.dir/CheckFunctionExists.c.o  -o cmTC_76ddb -rdynamic 
make[2]: Leaving directory '/home/sudeep03799/New2/libraries/build-Debug/cmocka/CMakeFiles/CMakeTmp'
make[1]: Leaving directory '/home/sudeep03799/New2/libraries/build-Debug/cmocka/CMakeFiles/CMakeTmp'


Determining if the function memcpy exists passed with the following output:
Change Dir: /home/sudeep03799/New2/libraries/build-Debug/cmocka/CMakeFiles/CMakeTmp

Run Build Command:"/usr/bin/make" "cmTC_92606/fast"
make[1]: Entering directory '/home/sudeep03799/New2/libraries/build-Debug/cmocka/CMakeFiles/CMakeTmp'
/usr/bin/make -f CMakeFiles/cmTC_92606.dir/build.make CMakeFiles/cmTC_92606.dir/build
make[2]: Entering directory '/home/sudeep03799/New2/libraries/build-Debug/cmocka/CMakeFiles/CMakeTmp'
Building C object CMakeFiles/cmTC_92606.dir/CheckFunctionExists.c.o
/usr/bin/cc    -std=gnu99 -pedantic -pedantic-errors -Wall -Wextra -Wshadow -Wmissing-prototypes -Wdeclaration-after-statement -Wunused -Wfloat-equal -Wpointer-arith -Wwrite-strings -Wformat-security -Wmissing-format-attribute -Wundef -Wstrict-prototypes -fPIC -fstack-protector -D_GNU_SOURCE -D_LARGEFILE64_SOURCE -DCHECK_FUNCTION_EXISTS=memcpy   -o CMakeFiles/cmTC_92606.dir/CheckFunctionExists.c.o   -c /usr/share/cmake-3.5/Modules/CheckFunctionExists.c
/usr/share/cmake-3.5/Modules/CheckFunctionExists.c:6:1: warning: function declaration isn’t a prototype [-Wstrict-prototypes]
 char CHECK_FUNCTION_EXISTS();
 ^
<command-line>:0:23: warning: conflicting types for built-in function ‘memcpy’
/usr/share/cmake-3.5/Modules/CheckFunctionExists.c:6:6: note: in expansion of macro ‘CHECK_FUNCTION_EXISTS’
 char CHECK_FUNCTION_EXISTS();
      ^
Linking C executable cmTC_92606
/usr/bin/cmake -E cmake_link_script CMakeFiles/cmTC_92606.dir/link.txt --verbose=1
/usr/bin/cc   -std=gnu99 -pedantic -pedantic-errors -Wall -Wextra -Wshadow -Wmissing-prototypes -Wdeclaration-after-statement -Wunused -Wfloat-equal -Wpointer-arith -Wwrite-strings -Wformat-security -Wmissing-format-attribute -Wundef -Wstrict-prototypes -fPIC -fstack-protector -D_GNU_SOURCE -D_LARGEFILE64_SOURCE -DCHECK_FUNCTION_EXISTS=memcpy    CMakeFiles/cmTC_92606.dir/CheckFunctionExists.c.o  -o cmTC_92606 -rdynamic 
make[2]: Leaving directory '/home/sudeep03799/New2/libraries/build-Debug/cmocka/CMakeFiles/CMakeTmp'
make[1]: Leaving directory '/home/sudeep03799/New2/libraries/build-Debug/cmocka/CMakeFiles/CMakeTmp'


Determining if the function memset exists passed with the following output:
Change Dir: /home/sudeep03799/New2/libraries/build-Debug/cmocka/CMakeFiles/CMakeTmp

Run Build Command:"/usr/bin/make" "cmTC_dd243/fast"
make[1]: Entering directory '/home/sudeep03799/New2/libraries/build-Debug/cmocka/CMakeFiles/CMakeTmp'
/usr/bin/make -f CMakeFiles/cmTC_dd243.dir/build.make CMakeFiles/cmTC_dd243.dir/build
make[2]: Entering directory '/home/sudeep03799/New2/libraries/build-Debug/cmocka/CMakeFiles/CMakeTmp'
Building C object CMakeFiles/cmTC_dd243.dir/CheckFunctionExists.c.o
/usr/bin/cc    -std=gnu99 -pedantic -pedantic-errors -Wall -Wextra -Wshadow -Wmissing-prototypes -Wdeclaration-after-statement -Wunused -Wfloat-equal -Wpointer-arith -Wwrite-strings -Wformat-security -Wmissing-format-attribute -Wundef -Wstrict-prototypes -fPIC -fstack-protector -D_GNU_SOURCE -D_LARGEFILE64_SOURCE -DCHECK_FUNCTION_EXISTS=memset   -o CMakeFiles/cmTC_dd243.dir/CheckFunctionExists.c.o   -c /usr/share/cmake-3.5/Modules/CheckFunctionExists.c
/usr/share/cmake-3.5/Modules/CheckFunctionExists.c:6:1: warning: function declaration isn’t a prototype [-Wstrict-prototypes]
 char CHECK_FUNCTION_EXISTS();
 ^
<command-line>:0:23: warning: conflicting types for built-in function ‘memset’
/usr/share/cmake-3.5/Modules/CheckFunctionExists.c:6:6: note: in expansion of macro ‘CHECK_FUNCTION_EXISTS’
 char CHECK_FUNCTION_EXISTS();
      ^
Linking C executable cmTC_dd243
/usr/bin/cmake -E cmake_link_script CMakeFiles/cmTC_dd243.dir/link.txt --verbose=1
/usr/bin/cc   -std=gnu99 -pedantic -pedantic-errors -Wall -Wextra -Wshadow -Wmissing-prototypes -Wdeclaration-after-statement -Wunused -Wfloat-equal -Wpointer-arith -Wwrite-strings -Wformat-security -Wmissing-format-attribute -Wundef -Wstrict-prototypes -fPIC -fstack-protector -D_GNU_SOURCE -D_LARGEFILE64_SOURCE -DCHECK_FUNCTION_EXISTS=memset    CMakeFiles/cmTC_dd243.dir/CheckFunctionExists.c.o  -o cmTC_dd243 -rdynamic 
make[2]: Leaving directory '/home/sudeep03799/New2/libraries/build-Debug/cmocka/CMakeFiles/CMakeTmp'
make[1]: Leaving directory '/home/sudeep03799/New2/libraries/build-Debug/cmocka/CMakeFiles/CMakeTmp'


Determining if the function printf exists passed with the following output:
Change Dir: /home/sudeep03799/New2/libraries/build-Debug/cmocka/CMakeFiles/CMakeTmp

Run Build Command:"/usr/bin/make" "cmTC_371db/fast"
make[1]: Entering directory '/home/sudeep03799/New2/libraries/build-Debug/cmocka/CMakeFiles/CMakeTmp'
/usr/bin/make -f CMakeFiles/cmTC_371db.dir/build.make CMakeFiles/cmTC_371db.dir/build
make[2]: Entering directory '/home/sudeep03799/New2/libraries/build-Debug/cmocka/CMakeFiles/CMakeTmp'
Building C object CMakeFiles/cmTC_371db.dir/CheckFunctionExists.c.o
/usr/bin/cc    -std=gnu99 -pedantic -pedantic-errors -Wall -Wextra -Wshadow -Wmissing-prototypes -Wdeclaration-after-statement -Wunused -Wfloat-equal -Wpointer-arith -Wwrite-strings -Wformat-security -Wmissing-format-attribute -Wundef -Wstrict-prototypes -fPIC -fstack-protector -D_GNU_SOURCE -D_LARGEFILE64_SOURCE -DCHECK_FUNCTION_EXISTS=printf   -o CMakeFiles/cmTC_371db.dir/CheckFunctionExists.c.o   -c /usr/share/cmake-3.5/Modules/CheckFunctionExists.c
/usr/share/cmake-3.5/Modules/CheckFunctionExists.c:6:1: warning: function declaration isn’t a prototype [-Wstrict-prototypes]
 char CHECK_FUNCTION_EXISTS();
 ^
<command-line>:0:23: warning: conflicting types for built-in function ‘printf’
/usr/share/cmake-3.5/Modules/CheckFunctionExists.c:6:6: note: in expansion of macro ‘CHECK_FUNCTION_EXISTS’
 char CHECK_FUNCTION_EXISTS();
      ^
Linking C executable cmTC_371db
/usr/bin/cmake -E cmake_link_script CMakeFiles/cmTC_371db.dir/link.txt --verbose=1
/usr/bin/cc   -std=gnu99 -pedantic -pedantic-errors -Wall -Wextra -Wshadow -Wmissing-prototypes -Wdeclaration-after-statement -Wunused -Wfloat-equal -Wpointer-arith -Wwrite-strings -Wformat-security -Wmissing-format-attribute -Wundef -Wstrict-prototypes -fPIC -fstack-protector -D_GNU_SOURCE -D_LARGEFILE64_SOURCE -DCHECK_FUNCTION_EXISTS=printf    CMakeFiles/cmTC_371db.dir/CheckFunctionExists.c.o  -o cmTC_371db -rdynamic 
make[2]: Leaving directory '/home/sudeep03799/New2/libraries/build-Debug/cmocka/CMakeFiles/CMakeTmp'
make[1]: Leaving directory '/home/sudeep03799/New2/libraries/build-Debug/cmocka/CMakeFiles/CMakeTmp'


Determining if the function setjmp exists passed with the following output:
Change Dir: /home/sudeep03799/New2/libraries/build-Debug/cmocka/CMakeFiles/CMakeTmp

Run Build Command:"/usr/bin/make" "cmTC_be4db/fast"
make[1]: Entering directory '/home/sudeep03799/New2/libraries/build-Debug/cmocka/CMakeFiles/CMakeTmp'
/usr/bin/make -f CMakeFiles/cmTC_be4db.dir/build.make CMakeFiles/cmTC_be4db.dir/build
make[2]: Entering directory '/home/sudeep03799/New2/libraries/build-Debug/cmocka/CMakeFiles/CMakeTmp'
Building C object CMakeFiles/cmTC_be4db.dir/CheckFunctionExists.c.o
/usr/bin/cc    -std=gnu99 -pedantic -pedantic-errors -Wall -Wextra -Wshadow -Wmissing-prototypes -Wdeclaration-after-statement -Wunused -Wfloat-equal -Wpointer-arith -Wwrite-strings -Wformat-security -Wmissing-format-attribute -Wundef -Wstrict-prototypes -fPIC -fstack-protector -D_GNU_SOURCE -D_LARGEFILE64_SOURCE -DCHECK_FUNCTION_EXISTS=setjmp   -o CMakeFiles/cmTC_be4db.dir/CheckFunctionExists.c.o   -c /usr/share/cmake-3.5/Modules/CheckFunctionExists.c
/usr/share/cmake-3.5/Modules/CheckFunctionExists.c:6:1: warning: function declaration isn’t a prototype [-Wstrict-prototypes]
 char CHECK_FUNCTION_EXISTS();
 ^
Linking C executable cmTC_be4db
/usr/bin/cmake -E cmake_link_script CMakeFiles/cmTC_be4db.dir/link.txt --verbose=1
/usr/bin/cc   -std=gnu99 -pedantic -pedantic-errors -Wall -Wextra -Wshadow -Wmissing-prototypes -Wdeclaration-after-statement -Wunused -Wfloat-equal -Wpointer-arith -Wwrite-strings -Wformat-security -Wmissing-format-attribute -Wundef -Wstrict-prototypes -fPIC -fstack-protector -D_GNU_SOURCE -D_LARGEFILE64_SOURCE -DCHECK_FUNCTION_EXISTS=setjmp    CMakeFiles/cmTC_be4db.dir/CheckFunctionExists.c.o  -o cmTC_be4db -rdynamic 
make[2]: Leaving directory '/home/sudeep03799/New2/libraries/build-Debug/cmocka/CMakeFiles/CMakeTmp'
make[1]: Leaving directory '/home/sudeep03799/New2/libraries/build-Debug/cmocka/CMakeFiles/CMakeTmp'


Determining if the function signal exists passed with the following output:
Change Dir: /home/sudeep03799/New2/libraries/build-Debug/cmocka/CMakeFiles/CMakeTmp

Run Build Command:"/usr/bin/make" "cmTC_fe28f/fast"
make[1]: Entering directory '/home/sudeep03799/New2/libraries/build-Debug/cmocka/CMakeFiles/CMakeTmp'
/usr/bin/make -f CMakeFiles/cmTC_fe28f.dir/build.make CMakeFiles/cmTC_fe28f.dir/build
make[2]: Entering directory '/home/sudeep03799/New2/libraries/build-Debug/cmocka/CMakeFiles/CMakeTmp'
Building C object CMakeFiles/cmTC_fe28f.dir/CheckFunctionExists.c.o
/usr/bin/cc    -std=gnu99 -pedantic -pedantic-errors -Wall -Wextra -Wshadow -Wmissing-prototypes -Wdeclaration-after-statement -Wunused -Wfloat-equal -Wpointer-arith -Wwrite-strings -Wformat-security -Wmissing-format-attribute -Wundef -Wstrict-prototypes -fPIC -fstack-protector -D_GNU_SOURCE -D_LARGEFILE64_SOURCE -DCHECK_FUNCTION_EXISTS=signal   -o CMakeFiles/cmTC_fe28f.dir/CheckFunctionExists.c.o   -c /usr/share/cmake-3.5/Modules/CheckFunctionExists.c
/usr/share/cmake-3.5/Modules/CheckFunctionExists.c:6:1: warning: function declaration isn’t a prototype [-Wstrict-prototypes]
 char CHECK_FUNCTION_EXISTS();
 ^
Linking C executable cmTC_fe28f
/usr/bin/cmake -E cmake_link_script CMakeFiles/cmTC_fe28f.dir/link.txt --verbose=1
/usr/bin/cc   -std=gnu99 -pedantic -pedantic-errors -Wall -Wextra -Wshadow -Wmissing-prototypes -Wdeclaration-after-statement -Wunused -Wfloat-equal -Wpointer-arith -Wwrite-strings -Wformat-security -Wmissing-format-attribute -Wundef -Wstrict-prototypes -fPIC -fstack-protector -D_GNU_SOURCE -D_LARGEFILE64_SOURCE -DCHECK_FUNCTION_EXISTS=signal    CMakeFiles/cmTC_fe28f.dir/CheckFunctionExists.c.o  -o cmTC_fe28f -rdynamic 
make[2]: Leaving directory '/home/sudeep03799/New2/libraries/build-Debug/cmocka/CMakeFiles/CMakeTmp'
make[1]: Leaving directory '/home/sudeep03799/New2/libraries/build-Debug/cmocka/CMakeFiles/CMakeTmp'


Determining if the function strsignal exists passed with the following output:
Change Dir: /home/sudeep03799/New2/libraries/build-Debug/cmocka/CMakeFiles/CMakeTmp

Run Build Command:"/usr/bin/make" "cmTC_0f735/fast"
make[1]: Entering directory '/home/sudeep03799/New2/libraries/build-Debug/cmocka/CMakeFiles/CMakeTmp'
/usr/bin/make -f CMakeFiles/cmTC_0f735.dir/build.make CMakeFiles/cmTC_0f735.dir/build
make[2]: Entering directory '/home/sudeep03799/New2/libraries/build-Debug/cmocka/CMakeFiles/CMakeTmp'
Building C object CMakeFiles/cmTC_0f735.dir/CheckFunctionExists.c.o
/usr/bin/cc    -std=gnu99 -pedantic -pedantic-errors -Wall -Wextra -Wshadow -Wmissing-prototypes -Wdeclaration-after-statement -Wunused -Wfloat-equal -Wpointer-arith -Wwrite-strings -Wformat-security -Wmissing-format-attribute -Wundef -Wstrict-prototypes -fPIC -fstack-protector -D_GNU_SOURCE -D_LARGEFILE64_SOURCE -DCHECK_FUNCTION_EXISTS=strsignal   -o CMakeFiles/cmTC_0f735.dir/CheckFunctionExists.c.o   -c /usr/share/cmake-3.5/Modules/CheckFunctionExists.c
/usr/share/cmake-3.5/Modules/CheckFunctionExists.c:6:1: warning: function declaration isn’t a prototype [-Wstrict-prototypes]
 char CHECK_FUNCTION_EXISTS();
 ^
Linking C executable cmTC_0f735
/usr/bin/cmake -E cmake_link_script CMakeFiles/cmTC_0f735.dir/link.txt --verbose=1
/usr/bin/cc   -std=gnu99 -pedantic -pedantic-errors -Wall -Wextra -Wshadow -Wmissing-prototypes -Wdeclaration-after-statement -Wunused -Wfloat-equal -Wpointer-arith -Wwrite-strings -Wformat-security -Wmissing-format-attribute -Wundef -Wstrict-prototypes -fPIC -fstack-protector -D_GNU_SOURCE -D_LARGEFILE64_SOURCE -DCHECK_FUNCTION_EXISTS=strsignal    CMakeFiles/cmTC_0f735.dir/CheckFunctionExists.c.o  -o cmTC_0f735 -rdynamic 
make[2]: Leaving directory '/home/sudeep03799/New2/libraries/build-Debug/cmocka/CMakeFiles/CMakeTmp'
make[1]: Leaving directory '/home/sudeep03799/New2/libraries/build-Debug/cmocka/CMakeFiles/CMakeTmp'


Determining if the function strcmp exists passed with the following output:
Change Dir: /home/sudeep03799/New2/libraries/build-Debug/cmocka/CMakeFiles/CMakeTmp

Run Build Command:"/usr/bin/make" "cmTC_6ad91/fast"
make[1]: Entering directory '/home/sudeep03799/New2/libraries/build-Debug/cmocka/CMakeFiles/CMakeTmp'
/usr/bin/make -f CMakeFiles/cmTC_6ad91.dir/build.make CMakeFiles/cmTC_6ad91.dir/build
make[2]: Entering directory '/home/sudeep03799/New2/libraries/build-Debug/cmocka/CMakeFiles/CMakeTmp'
Building C object CMakeFiles/cmTC_6ad91.dir/CheckFunctionExists.c.o
/usr/bin/cc    -std=gnu99 -pedantic -pedantic-errors -Wall -Wextra -Wshadow -Wmissing-prototypes -Wdeclaration-after-statement -Wunused -Wfloat-equal -Wpointer-arith -Wwrite-strings -Wformat-security -Wmissing-format-attribute -Wundef -Wstrict-prototypes -fPIC -fstack-protector -D_GNU_SOURCE -D_LARGEFILE64_SOURCE -DCHECK_FUNCTION_EXISTS=strcmp   -o CMakeFiles/cmTC_6ad91.dir/CheckFunctionExists.c.o   -c /usr/share/cmake-3.5/Modules/CheckFunctionExists.c
/usr/share/cmake-3.5/Modules/CheckFunctionExists.c:6:1: warning: function declaration isn’t a prototype [-Wstrict-prototypes]
 char CHECK_FUNCTION_EXISTS();
 ^
<command-line>:0:23: warning: conflicting types for built-in function ‘strcmp’
/usr/share/cmake-3.5/Modules/CheckFunctionExists.c:6:6: note: in expansion of macro ‘CHECK_FUNCTION_EXISTS’
 char CHECK_FUNCTION_EXISTS();
      ^
Linking C executable cmTC_6ad91
/usr/bin/cmake -E cmake_link_script CMakeFiles/cmTC_6ad91.dir/link.txt --verbose=1
/usr/bin/cc   -std=gnu99 -pedantic -pedantic-errors -Wall -Wextra -Wshadow -Wmissing-prototypes -Wdeclaration-after-statement -Wunused -Wfloat-equal -Wpointer-arith -Wwrite-strings -Wformat-security -Wmissing-format-attribute -Wundef -Wstrict-prototypes -fPIC -fstack-protector -D_GNU_SOURCE -D_LARGEFILE64_SOURCE -DCHECK_FUNCTION_EXISTS=strcmp    CMakeFiles/cmTC_6ad91.dir/CheckFunctionExists.c.o  -o cmTC_6ad91 -rdynamic 
make[2]: Leaving directory '/home/sudeep03799/New2/libraries/build-Debug/cmocka/CMakeFiles/CMakeTmp'
make[1]: Leaving directory '/home/sudeep03799/New2/libraries/build-Debug/cmocka/CMakeFiles/CMakeTmp'


Determining if the function clock_gettime exists passed with the following output:
Change Dir: /home/sudeep03799/New2/libraries/build-Debug/cmocka/CMakeFiles/CMakeTmp

Run Build Command:"/usr/bin/make" "cmTC_8d49a/fast"
make[1]: Entering directory '/home/sudeep03799/New2/libraries/build-Debug/cmocka/CMakeFiles/CMakeTmp'
/usr/bin/make -f CMakeFiles/cmTC_8d49a.dir/build.make CMakeFiles/cmTC_8d49a.dir/build
make[2]: Entering directory '/home/sudeep03799/New2/libraries/build-Debug/cmocka/CMakeFiles/CMakeTmp'
Building C object CMakeFiles/cmTC_8d49a.dir/CheckFunctionExists.c.o
/usr/bin/cc    -std=gnu99 -pedantic -pedantic-errors -Wall -Wextra -Wshadow -Wmissing-prototypes -Wdeclaration-after-statement -Wunused -Wfloat-equal -Wpointer-arith -Wwrite-strings -Wformat-security -Wmissing-format-attribute -Wundef -Wstrict-prototypes -fPIC -fstack-protector -D_GNU_SOURCE -D_LARGEFILE64_SOURCE -DCHECK_FUNCTION_EXISTS=clock_gettime   -o CMakeFiles/cmTC_8d49a.dir/CheckFunctionExists.c.o   -c /usr/share/cmake-3.5/Modules/CheckFunctionExists.c
/usr/share/cmake-3.5/Modules/CheckFunctionExists.c:6:1: warning: function declaration isn’t a prototype [-Wstrict-prototypes]
 char CHECK_FUNCTION_EXISTS();
 ^
Linking C executable cmTC_8d49a
/usr/bin/cmake -E cmake_link_script CMakeFiles/cmTC_8d49a.dir/link.txt --verbose=1
/usr/bin/cc   -std=gnu99 -pedantic -pedantic-errors -Wall -Wextra -Wshadow -Wmissing-prototypes -Wdeclaration-after-statement -Wunused -Wfloat-equal -Wpointer-arith -Wwrite-strings -Wformat-security -Wmissing-format-attribute -Wundef -Wstrict-prototypes -fPIC -fstack-protector -D_GNU_SOURCE -D_LARGEFILE64_SOURCE -DCHECK_FUNCTION_EXISTS=clock_gettime    CMakeFiles/cmTC_8d49a.dir/CheckFunctionExists.c.o  -o cmTC_8d49a -rdynamic 
make[2]: Leaving directory '/home/sudeep03799/New2/libraries/build-Debug/cmocka/CMakeFiles/CMakeTmp'
make[1]: Leaving directory '/home/sudeep03799/New2/libraries/build-Debug/cmocka/CMakeFiles/CMakeTmp'


Determining if the function sprintf exists passed with the following output:
Change Dir: /home/sudeep03799/New2/libraries/build-Debug/cmocka/CMakeFiles/CMakeTmp

Run Build Command:"/usr/bin/make" "cmTC_c5178/fast"
make[1]: Entering directory '/home/sudeep03799/New2/libraries/build-Debug/cmocka/CMakeFiles/CMakeTmp'
/usr/bin/make -f CMakeFiles/cmTC_c5178.dir/build.make CMakeFiles/cmTC_c5178.dir/build
make[2]: Entering directory '/home/sudeep03799/New2/libraries/build-Debug/cmocka/CMakeFiles/CMakeTmp'
Building C object CMakeFiles/cmTC_c5178.dir/CheckFunctionExists.c.o
/usr/bin/cc    -std=gnu99 -pedantic -pedantic-errors -Wall -Wextra -Wshadow -Wmissing-prototypes -Wdeclaration-after-statement -Wunused -Wfloat-equal -Wpointer-arith -Wwrite-strings -Wformat-security -Wmissing-format-attribute -Wundef -Wstrict-prototypes -fPIC -fstack-protector -D_GNU_SOURCE -D_LARGEFILE64_SOURCE -DCHECK_FUNCTION_EXISTS=sprintf   -o CMakeFiles/cmTC_c5178.dir/CheckFunctionExists.c.o   -c /usr/share/cmake-3.5/Modules/CheckFunctionExists.c
/usr/share/cmake-3.5/Modules/CheckFunctionExists.c:6:1: warning: function declaration isn’t a prototype [-Wstrict-prototypes]
 char CHECK_FUNCTION_EXISTS();
 ^
<command-line>:0:23: warning: conflicting types for built-in function ‘sprintf’
/usr/share/cmake-3.5/Modules/CheckFunctionExists.c:6:6: note: in expansion of macro ‘CHECK_FUNCTION_EXISTS’
 char CHECK_FUNCTION_EXISTS();
      ^
Linking C executable cmTC_c5178
/usr/bin/cmake -E cmake_link_script CMakeFiles/cmTC_c5178.dir/link.txt --verbose=1
/usr/bin/cc   -std=gnu99 -pedantic -pedantic-errors -Wall -Wextra -Wshadow -Wmissing-prototypes -Wdeclaration-after-statement -Wunused -Wfloat-equal -Wpointer-arith -Wwrite-strings -Wformat-security -Wmissing-format-attribute -Wundef -Wstrict-prototypes -fPIC -fstack-protector -D_GNU_SOURCE -D_LARGEFILE64_SOURCE -DCHECK_FUNCTION_EXISTS=sprintf    CMakeFiles/cmTC_c5178.dir/CheckFunctionExists.c.o  -o cmTC_c5178 -rdynamic 
make[2]: Leaving directory '/home/sudeep03799/New2/libraries/build-Debug/cmocka/CMakeFiles/CMakeTmp'
make[1]: Leaving directory '/home/sudeep03799/New2/libraries/build-Debug/cmocka/CMakeFiles/CMakeTmp'


Determining if the function vsnprintf exists passed with the following output:
Change Dir: /home/sudeep03799/New2/libraries/build-Debug/cmocka/CMakeFiles/CMakeTmp

Run Build Command:"/usr/bin/make" "cmTC_a7a18/fast"
make[1]: Entering directory '/home/sudeep03799/New2/libraries/build-Debug/cmocka/CMakeFiles/CMakeTmp'
/usr/bin/make -f CMakeFiles/cmTC_a7a18.dir/build.make CMakeFiles/cmTC_a7a18.dir/build
make[2]: Entering directory '/home/sudeep03799/New2/libraries/build-Debug/cmocka/CMakeFiles/CMakeTmp'
Building C object CMakeFiles/cmTC_a7a18.dir/CheckFunctionExists.c.o
/usr/bin/cc    -std=gnu99 -pedantic -pedantic-errors -Wall -Wextra -Wshadow -Wmissing-prototypes -Wdeclaration-after-statement -Wunused -Wfloat-equal -Wpointer-arith -Wwrite-strings -Wformat-security -Wmissing-format-attribute -Wundef -Wstrict-prototypes -fPIC -fstack-protector -D_GNU_SOURCE -D_LARGEFILE64_SOURCE -DCHECK_FUNCTION_EXISTS=vsnprintf   -o CMakeFiles/cmTC_a7a18.dir/CheckFunctionExists.c.o   -c /usr/share/cmake-3.5/Modules/CheckFunctionExists.c
/usr/share/cmake-3.5/Modules/CheckFunctionExists.c:6:1: warning: function declaration isn’t a prototype [-Wstrict-prototypes]
 char CHECK_FUNCTION_EXISTS();
 ^
<command-line>:0:23: warning: conflicting types for built-in function ‘vsnprintf’
/usr/share/cmake-3.5/Modules/CheckFunctionExists.c:6:6: note: in expansion of macro ‘CHECK_FUNCTION_EXISTS’
 char CHECK_FUNCTION_EXISTS();
      ^
Linking C executable cmTC_a7a18
/usr/bin/cmake -E cmake_link_script CMakeFiles/cmTC_a7a18.dir/link.txt --verbose=1
/usr/bin/cc   -std=gnu99 -pedantic -pedantic-errors -Wall -Wextra -Wshadow -Wmissing-prototypes -Wdeclaration-after-statement -Wunused -Wfloat-equal -Wpointer-arith -Wwrite-strings -Wformat-security -Wmissing-format-attribute -Wundef -Wstrict-prototypes -fPIC -fstack-protector -D_GNU_SOURCE -D_LARGEFILE64_SOURCE -DCHECK_FUNCTION_EXISTS=vsnprintf    CMakeFiles/cmTC_a7a18.dir/CheckFunctionExists.c.o  -o cmTC_a7a18 -rdynamic 
make[2]: Leaving directory '/home/sudeep03799/New2/libraries/build-Debug/cmocka/CMakeFiles/CMakeTmp'
make[1]: Leaving directory '/home/sudeep03799/New2/libraries/build-Debug/cmocka/CMakeFiles/CMakeTmp'


Performing C SOURCE FILE Test HAVE_GCC_THREAD_LOCAL_STORAGE succeeded with the following output:
Change Dir: /home/sudeep03799/New2/libraries/build-Debug/cmocka/CMakeFiles/CMakeTmp

Run Build Command:"/usr/bin/make" "cmTC_17d13/fast"
make[1]: Entering directory '/home/sudeep03799/New2/libraries/build-Debug/cmocka/CMakeFiles/CMakeTmp'
/usr/bin/make -f CMakeFiles/cmTC_17d13.dir/build.make CMakeFiles/cmTC_17d13.dir/build
make[2]: Entering directory '/home/sudeep03799/New2/libraries/build-Debug/cmocka/CMakeFiles/CMakeTmp'
Building C object CMakeFiles/cmTC_17d13.dir/src.c.o
/usr/bin/cc    -std=gnu99 -pedantic -pedantic-errors -Wall -Wextra -Wshadow -Wmissing-prototypes -Wdeclaration-after-statement -Wunused -Wfloat-equal -Wpointer-arith -Wwrite-strings -Wformat-security -Wmissing-format-attribute -Wundef -Wstrict-prototypes -fPIC -fstack-protector -D_GNU_SOURCE -D_LARGEFILE64_SOURCE -DHAVE_GCC_THREAD_LOCAL_STORAGE   -o CMakeFiles/cmTC_17d13.dir/src.c.o   -c /home/sudeep03799/New2/libraries/build-Debug/cmocka/CMakeFiles/CMakeTmp/src.c
Linking C executable cmTC_17d13
/usr/bin/cmake -E cmake_link_script CMakeFiles/cmTC_17d13.dir/link.txt --verbose=1
/usr/bin/cc   -std=gnu99 -pedantic -pedantic-errors -Wall -Wextra -Wshadow -Wmissing-prototypes -Wdeclaration-after-statement -Wunused -Wfloat-equal -Wpointer-arith -Wwrite-strings -Wformat-security -Wmissing-format-attribute -Wundef -Wstrict-prototypes -fPIC -fstack-protector -D_GNU_SOURCE -D_LARGEFILE64_SOURCE -DHAVE_GCC_THREAD_LOCAL_STORAGE    CMakeFiles/cmTC_17d13.dir/src.c.o  -o cmTC_17d13 -rdynamic 
make[2]: Leaving directory '/home/sudeep03799/New2/libraries/build-Debug/cmocka/CMakeFiles/CMakeTmp'
make[1]: Leaving directory '/home/sudeep03799/New2/libraries/build-Debug/cmocka/CMakeFiles/CMakeTmp'

Source file was:

__thread int tls;

int main(void) {
    return 0;
}
Performing C SOURCE FILE Test HAVE_CLOCK_GETTIME_REALTIME succeeded with the following output:
Change Dir: /home/sudeep03799/New2/libraries/build-Debug/cmocka/CMakeFiles/CMakeTmp

Run Build Command:"/usr/bin/make" "cmTC_d12fa/fast"
make[1]: Entering directory '/home/sudeep03799/New2/libraries/build-Debug/cmocka/CMakeFiles/CMakeTmp'
/usr/bin/make -f CMakeFiles/cmTC_d12fa.dir/build.make CMakeFiles/cmTC_d12fa.dir/build
make[2]: Entering directory '/home/sudeep03799/New2/libraries/build-Debug/cmocka/CMakeFiles/CMakeTmp'
Building C object CMakeFiles/cmTC_d12fa.dir/src.c.o
/usr/bin/cc    -std=gnu99 -pedantic -pedantic-errors -Wall -Wextra -Wshadow -Wmissing-prototypes -Wdeclaration-after-statement -Wunused -Wfloat-equal -Wpointer-arith -Wwrite-strings -Wformat-security -Wmissing-format-attribute -Wundef -Wstrict-prototypes -fPIC -fstack-protector -D_GNU_SOURCE -D_LARGEFILE64_SOURCE -DHAVE_CLOCK_GETTIME_REALTIME   -o CMakeFiles/cmTC_d12fa.dir/src.c.o   -c /home/sudeep03799/New2/libraries/build-Debug/cmocka/CMakeFiles/CMakeTmp/src.c
Linking C executable cmTC_d12fa
/usr/bin/cmake -E cmake_link_script CMakeFiles/cmTC_d12fa.dir/link.txt --verbose=1
/usr/bin/cc   -std=gnu99 -pedantic -pedantic-errors -Wall -Wextra -Wshadow -Wmissing-prototypes -Wdeclaration-after-statement -Wunused -Wfloat-equal -Wpointer-arith -Wwrite-strings -Wformat-security -Wmissing-format-attribute -Wundef -Wstrict-prototypes -fPIC -fstack-protector -D_GNU_SOURCE -D_LARGEFILE64_SOURCE -DHAVE_CLOCK_GETTIME_REALTIME    CMakeFiles/cmTC_d12fa.dir/src.c.o  -o cmTC_d12fa -rdynamic /usr/lib/x86_64-linux-gnu/librt.so 
make[2]: Leaving directory '/home/sudeep03799/New2/libraries/build-Debug/cmocka/CMakeFiles/CMakeTmp'
make[1]: Leaving directory '/home/sudeep03799/New2/libraries/build-Debug/cmocka/CMakeFiles/CMakeTmp'

Source file was:

#include <time.h>

int main(void) {
    struct timespec ts;

    clock_gettime(CLOCK_REALTIME, &ts);

    return 0;
}
Determining size of unsigned short passed with the following output:
Change Dir: /home/sudeep03799/New2/libraries/build-Debug/cmocka/CMakeFiles/CMakeTmp

Run Build Command:"/usr/bin/make" "cmTC_3a5b5/fast"
make[1]: Entering directory '/home/sudeep03799/New2/libraries/build-Debug/cmocka/CMakeFiles/CMakeTmp'
/usr/bin/make -f CMakeFiles/cmTC_3a5b5.dir/build.make CMakeFiles/cmTC_3a5b5.dir/build
make[2]: Entering directory '/home/sudeep03799/New2/libraries/build-Debug/cmocka/CMakeFiles/CMakeTmp'
Building C object CMakeFiles/cmTC_3a5b5.dir/CMAKE_SIZEOF_UNSIGNED_SHORT.c.o
/usr/bin/cc    -std=gnu99 -pedantic -pedantic-errors -Wall -Wextra -Wshadow -Wmissing-prototypes -Wdeclaration-after-statement -Wunused -Wfloat-equal -Wpointer-arith -Wwrite-strings -Wformat-security -Wmissing-format-attribute -Wundef -Wstrict-prototypes -fPIC -fstack-protector -D_GNU_SOURCE -D_LARGEFILE64_SOURCE    -o CMakeFiles/cmTC_3a5b5.dir/CMAKE_SIZEOF_UNSIGNED_SHORT.c.o   -c /home/sudeep03799/New2/libraries/build-Debug/cmocka/CMakeFiles/CheckTypeSize/CMAKE_SIZEOF_UNSIGNED_SHORT.c
Linking C executable cmTC_3a5b5
/usr/bin/cmake -E cmake_link_script CMakeFiles/cmTC_3a5b5.dir/link.txt --verbose=1
/usr/bin/cc   -std=gnu99 -pedantic -pedantic-errors -Wall -Wextra -Wshadow -Wmissing-prototypes -Wdeclaration-after-statement -Wunused -Wfloat-equal -Wpointer-arith -Wwrite-strings -Wformat-security -Wmissing-format-attribute -Wundef -Wstrict-prototypes -fPIC -fstack-protector -D_GNU_SOURCE -D_LARGEFILE64_SOURCE     CMakeFiles/cmTC_3a5b5.dir/CMAKE_SIZEOF_UNSIGNED_SHORT.c.o  -o cmTC_3a5b5 -rdynamic 
make[2]: Leaving directory '/home/sudeep03799/New2/libraries/build-Debug/cmocka/CMakeFiles/CMakeTmp'
make[1]: Leaving directory '/home/sudeep03799/New2/libraries/build-Debug/cmocka/CMakeFiles/CMakeTmp'


